<?xml version="1.0" encoding="utf-8"?>
<shfbBuild product="Sandcastle Help File Builder and Tools" version="2025.3.22.0" projectFile="C:\IT\CSB_Development\GitHub\Spectrum - Tingen\Outpost31\.github\sandcastle\Outpost31.shfbproj" started="4/9/2025 12:01:37 PM">
<buildStep step="Initializing">
The Sandcastle tools are located in &#39;C:\Program Files (x86)\EWSoftware\Sandcastle Help File Builder&#39;
Locating components in the following folder(s):
    C:\IT\CSB_Development\GitHub\Spectrum - Tingen\Outpost31\.github\sandcastle
    C:\ProgramData\EWSoftware\Sandcastle Help File Builder\Components and Plug-Ins
    C:\Program Files (x86)\EWSoftware\Sandcastle Help File Builder\Components
Using framework reflection data for &#39;.NET Framework 4.8&#39; located in &#39;C:\Program Files (x86)\EWSoftware\Sandcastle Help File Builder\Data\.NETFramework&#39;
Using presentation style &#39;Default2022&#39; located in &#39;C:\Program Files (x86)\EWSoftware\Sandcastle Help File Builder\Components\Default2022&#39;
Loading and initializing plug-ins...
Website Table of Contents Generator Version 2025.3.22.0
Copyright &#169; 2006-2025, Eric Woodruff, All Rights Reserved
-------------------------------
Clearing any prior web/markdown output...
</buildStep>
<buildStep step="ValidatingDocumentationSources">
Validating and copying documentation source information
Source: C:\IT\CSB_Development\GitHub\Spectrum - Tingen\Outpost31\src\Outpost31.csproj
    Found project &#39;C:\IT\CSB_Development\GitHub\Spectrum - Tingen\Outpost31\src\Outpost31.csproj&#39;

Parsing project files
    Found assembly &#39;C:\IT\CSB_Development\GitHub\Spectrum - Tingen\Outpost31\src\bin\Debug\Outpost31.dll&#39; (.NETFramework 4.8)

References to include:
    None

Copying XML comments files
    C:\IT\CSB_Development\GitHub\Spectrum - Tingen\Outpost31\src\bin\Debug\Generated.xml -&gt; C:\Caches\Sandcastle\Generated.xml
</buildStep>
<buildStep step="GenerateSharedContent">
Generating shared content files (en-US, English (United States))...
    Last step completed in 00:00:00.0010
</buildStep>
<buildStep step="GenerateApiFilter">
Generating API filter for MRefBuilder...
    Last step completed in 00:00:00.0126
</buildStep>
<buildStep step="GenerateReflectionInfo">
Generating reflection information...
[C:\Program Files\Microsoft Visual Studio\2022\Community\MSBuild\Current\Bin\amd64\MSBuild.exe - GenerateRefInfo-8c9f674a-d214-420c-8734-f53205fa9a9d.proj]
Build started 4/9/2025 12:01:38 PM.

Project &quot;C:\Caches\Sandcastle\GenerateRefInfo-8c9f674a-d214-420c-8734-f53205fa9a9d.proj&quot; on node 1 (default targets).
PrepareForBuild:
  Creating directory &quot;obj\Debug\&quot;.
GenerateRefInfo:
  Microsoft.Build (v17.13.19+0d9f5a35a017e4d80d644dadb751c5a2184aebe6)
  c Microsoft Corporation. All rights reserved.
  No source code context base path specified.  Source context information is unavailable.
  Loaded 1 assemblies for reflection and 1 dependency assemblies.
  Wrote information on 10 namespaces, 21 types, and 78 members
  Merging duplicate type and member information
  Merged 0 duplicate type(s) and 0 duplicate member(s)
Done Building Project &quot;C:\Caches\Sandcastle\GenerateRefInfo-8c9f674a-d214-420c-8734-f53205fa9a9d.proj&quot; (default targets).
    Last step completed in 00:00:00.8170
</buildStep>
<buildStep step="ApplyDocumentModel">
Applying document model to reflection output...
    Last step completed in 00:00:00.0291
</buildStep>
<buildStep step="AddApiTopicFilenames">
Adding topic filenames to API members...
    Last step completed in 00:00:00.0343
</buildStep>
<buildStep step="GenerateApiTopicManifest">
Generating API topic manifest...
    Last step completed in 00:00:00.0378
</buildStep>
<buildStep step="GenerateNamespaceSummaries">
Generating namespace summary information...
    Last step completed in 00:00:00.0038
</buildStep>
<buildStep step="CopyAdditionalContent">
Copying additional content files...
No additional content to copy
    Last step completed in 00:00:00.0000
</buildStep>
<buildStep step="MergeTablesOfContents">
Merging conceptual and additional tables of contents...
    Last step completed in 00:00:00.0000
</buildStep>
<buildStep step="GenerateIntermediateTableOfContents">
Generating intermediate table of contents file for API content...
Generating conceptual content intermediate TOC file...
    Last step completed in 00:00:00.0290
</buildStep>
<buildStep step="CreateBuildAssemblerConfigs">
Creating Sandcastle configuration files...
    Last step completed in 00:00:00.1190
</buildStep>
<buildStep step="CombiningIntermediateTocFiles">
Combining conceptual and API intermediate TOC files...
    Last step completed in 00:00:00.0010
</buildStep>
<buildStep step="MergeCustomConfigs">
Merging custom build component configurations
C:\Caches\Sandcastle\BuildAssembler.config
  Updating reference topic configurations.
  No conceptual content.  Removing conceptual content components.
    Last step completed in 00:00:00.0273
</buildStep>
<buildStep step="BuildTopics">
Building help topics...
<plugIn name="Website Table of Contents Generator" behavior="Before" priority="1000">
Loading TOC info and adding unique IDs to parent nodes
</plugIn>Loading configuration...
Processing topics...
SHFB: Warning BE0066: ResolveReferenceLinksComponent: [P:Outpost31.Core.Avatar.OptionObjects.ReturnOptObj] Unknown reference link target &#39;T:ScriptLinkStandard.Objects.OptionObject2015&#39;.
SHFB: Warning BE0066: ResolveReferenceLinksComponent: [P:Outpost31.Core.Avatar.OptionObjects.SentOptObj] Unknown reference link target &#39;T:ScriptLinkStandard.Objects.OptionObject2015&#39;.
SHFB: Warning BE0066: ResolveReferenceLinksComponent: [P:Outpost31.Core.Avatar.OptionObjects.WorkOptObj] Unknown reference link target &#39;T:ScriptLinkStandard.Objects.OptionObject2015&#39;.
SHFB: Warning BE0066: ShowMissingComponent: [T:Outpost31.Core.Avatar.ScriptParameter] Missing &lt;summary&gt; documentation
SHFB: Warning BE0066: ShowMissingComponent: [T:Outpost31.Core.Avatar.SystemCode] Missing &lt;summary&gt; documentation
SHFB: Warning BE0066: ShowMissingComponent: [M:Outpost31.Core.Avatar.SystemCode.Get(System.String)] Missing &lt;param name=&quot;sysCodeFilePath&quot;/&gt; documentation
SHFB: Warning BE0066: ShowMissingComponent: [T:Outpost31.Core.Framework.Requirements] Missing &lt;summary&gt; documentation
SHFB: Warning BE0066: ShowMissingComponent: [M:Outpost31.Core.Framework.Requirements.cat_DataDirectories(System.String,System.String,System.String)] Missing &lt;param name=&quot;hostDataPath&quot;/&gt; documentation
SHFB: Warning BE0066: ShowMissingComponent: [M:Outpost31.Core.Framework.Requirements.cat_DataDirectories(System.String,System.String,System.String)] Missing &lt;param name=&quot;dataPath&quot;/&gt; documentation
SHFB: Warning BE0066: ShowMissingComponent: [M:Outpost31.Core.Framework.Requirements.cat_DataDirectories(System.String,System.String,System.String)] Missing &lt;param name=&quot;systemCode&quot;/&gt; documentation
SHFB: Warning BE0066: ShowMissingComponent: [M:Outpost31.Core.Framework.Requirements.cat_DataFiles(System.String)] Missing &lt;param name=&quot;hostDataPath&quot;/&gt; documentation
SHFB: Warning BE0066: ShowMissingComponent: [M:Outpost31.Core.Framework.Requirements.cat_TngnDirectories] Missing &lt;summary&gt; documentation
SHFB: Warning BE0066: ShowMissingComponent: [M:Outpost31.Core.Framework.Requirements.cat_TngnDirectories] Missing &lt;returns&gt; documentation
SHFB: Warning BE0066: ShowMissingComponent: [M:Outpost31.Core.Framework.Requirements.cat_TngnFiles(System.String)] Missing &lt;param name=&quot;hostDataPath&quot;/&gt; documentation
SHFB: Warning BE0066: ShowMissingComponent: [T:Outpost31.Core.Logger.LogEvent] Missing &lt;summary&gt; documentation
SHFB: Warning BE0066: ShowMissingComponent: [M:Outpost31.Core.Logger.LogEvent.Primeval(System.String,System.String,System.String,System.String,System.String,System.Int32)] Missing &lt;summary&gt; documentation
SHFB: Warning BE0066: ShowMissingComponent: [M:Outpost31.Core.Logger.LogEvent.Primeval(System.String,System.String,System.String,System.String,System.String,System.Int32)] Missing &lt;param name=&quot;primevalPath&quot;/&gt; documentation
SHFB: Warning BE0066: ShowMissingComponent: [M:Outpost31.Core.Logger.LogEvent.Primeval(System.String,System.String,System.String,System.String,System.String,System.Int32)] Missing &lt;param name=&quot;assemblyName&quot;/&gt; documentation
SHFB: Warning BE0066: ShowMissingComponent: [M:Outpost31.Core.Logger.LogEvent.Primeval(System.String,System.String,System.String,System.String,System.String,System.Int32)] Missing &lt;param name=&quot;message&quot;/&gt; documentation
SHFB: Warning BE0066: ShowMissingComponent: [M:Outpost31.Core.Logger.LogEvent.Primeval(System.String,System.String,System.String,System.String,System.String,System.Int32)] Missing &lt;param name=&quot;fromPath&quot;/&gt; documentation
SHFB: Warning BE0066: ShowMissingComponent: [M:Outpost31.Core.Logger.LogEvent.Primeval(System.String,System.String,System.String,System.String,System.String,System.Int32)] Missing &lt;param name=&quot;fromMethod&quot;/&gt; documentation
SHFB: Warning BE0066: ShowMissingComponent: [M:Outpost31.Core.Logger.LogEvent.Primeval(System.String,System.String,System.String,System.String,System.String,System.Int32)] Missing &lt;param name=&quot;line&quot;/&gt; documentation
SHFB: Warning BE0066: ShowMissingComponent: [T:Outpost31.Core.Logger.PrimevalLog] Missing &lt;summary&gt; documentation
SHFB: Warning BE0066: ShowMissingComponent: [M:Outpost31.Core.Logger.PrimevalLog.cat_PrimevalHeader(System.String,System.String,System.String,System.String,System.String)] Missing &lt;param name=&quot;calledClass&quot;/&gt; documentation
SHFB: Warning BE0066: ShowMissingComponent: [M:Outpost31.Core.Logger.PrimevalLog.cat_PrimevalHeader(System.String,System.String,System.String,System.String,System.String)] Missing &lt;param name=&quot;calledMethod&quot;/&gt; documentation
SHFB: Warning BE0066: ShowMissingComponent: [M:Outpost31.Core.Logger.PrimevalLog.cat_PrimevalHeader(System.String,System.String,System.String,System.String,System.String)] Missing &lt;param name=&quot;line&quot;/&gt; documentation
SHFB: Warning BE0066: ShowMissingComponent: [M:Outpost31.Core.Logger.PrimevalLog.Create(System.String,System.String,System.String,System.String,System.String,System.Int32)] Missing &lt;param name=&quot;primevalPath&quot;/&gt; documentation
SHFB: Warning BE0066: ShowMissingComponent: [T:Outpost31.Core.Runtime.RuntimeSettings] Missing &lt;summary&gt; documentation
SHFB: Warning BE0066: ShowMissingComponent: [P:Outpost31.Core.Runtime.RuntimeSettings.DateStamp] Missing &lt;summary&gt; documentation
SHFB: Warning BE0066: ShowMissingComponent: [M:Outpost31.Core.Runtime.RuntimeSettings.New] Missing &lt;summary&gt; documentation
SHFB: Warning BE0066: ShowMissingComponent: [M:Outpost31.Core.Runtime.RuntimeSettings.New] Missing &lt;returns&gt; documentation
SHFB: Warning BE0066: ShowMissingComponent: [P:Outpost31.Core.Runtime.RuntimeSettings.SystemCode] Missing &lt;summary&gt; documentation
SHFB: Warning BE0066: ShowMissingComponent: [P:Outpost31.Core.Runtime.RuntimeSettings.TimeStamp] Missing &lt;summary&gt; documentation
SHFB: Warning BE0066: ShowMissingComponent: [P:Outpost31.Core.Runtime.RuntimeSettings.TngnBuild] Missing &lt;summary&gt; documentation
SHFB: Warning BE0066: ShowMissingComponent: [P:Outpost31.Core.Runtime.RuntimeSettings.TngnDataPath] Missing &lt;summary&gt; documentation
SHFB: Warning BE0066: ShowMissingComponent: [P:Outpost31.Core.Runtime.RuntimeSettings.TngnMode] Missing &lt;summary&gt; documentation
SHFB: Warning BE0066: ShowMissingComponent: [T:Outpost31.Core.Runtime.SpinDown] Missing &lt;summary&gt; documentation
SHFB: Warning BE0066: ShowMissingComponent: [M:Outpost31.Core.Runtime.SpinDown.ExitImmediately] Missing &lt;summary&gt; documentation
SHFB: Warning BE0066: ResolveReferenceLinksComponent: [T:Outpost31.Core.Runtime.SpinUp] Unknown reference link target &#39;!:Up(TngnSession, string, OptionObject2015, string)&#39;.
SHFB: Warning BE0066: ResolveReferenceLinksComponent: [T:Outpost31.Core.Runtime.SpinUp] Invalid reference link target &#39;!:Up(TngnSession, string, OptionObject2015, string)&#39;.
SHFB: Warning BE0066: ShowMissingComponent: [M:Outpost31.Core.Runtime.TngnConfiguration.ConfigSummary(Outpost31.Core.Runtime.TngnConfiguration)] Missing &lt;returns&gt; documentation
SHFB: Warning BE0066: ShowMissingComponent: [M:Outpost31.Core.Runtime.TngnConfiguration.ConfigSummary(Outpost31.Core.Runtime.TngnConfiguration)] Missing &lt;param name=&quot;tngnConfig&quot;/&gt; documentation
SHFB: Warning BE0066: ShowMissingComponent: [T:Outpost31.Core.Service.Mode] Missing &lt;summary&gt; documentation
SHFB: Warning BE0066: ShowMissingComponent: [M:Outpost31.Core.Service.Mode.Get(System.String)] Missing &lt;param name=&quot;tngnModeFilePath&quot;/&gt; documentation
SHFB: Warning BE0066: ShowMissingComponent: [M:Outpost31.Core.Session.TngnSession.New(ScriptLinkStandard.Objects.OptionObject2015,System.String,System.String)] Missing &lt;summary&gt; documentation
SHFB: Warning BE0066: ShowMissingComponent: [M:Outpost31.Core.Session.TngnSession.New(ScriptLinkStandard.Objects.OptionObject2015,System.String,System.String)] Missing &lt;returns&gt; documentation
SHFB: Warning BE0066: ShowMissingComponent: [M:Outpost31.Core.Session.TngnSession.New(ScriptLinkStandard.Objects.OptionObject2015,System.String,System.String)] Missing &lt;param name=&quot;sentOptObj&quot;/&gt; documentation
SHFB: Warning BE0066: ShowMissingComponent: [M:Outpost31.Core.Session.TngnSession.New(ScriptLinkStandard.Objects.OptionObject2015,System.String,System.String)] Missing &lt;param name=&quot;sentScriptParam&quot;/&gt; documentation
SHFB: Warning BE0066: ShowMissingComponent: [M:Outpost31.Core.Session.TngnSession.New(ScriptLinkStandard.Objects.OptionObject2015,System.String,System.String)] Missing &lt;param name=&quot;tngnVersion&quot;/&gt; documentation
SHFB: Warning BE0066: ResolveReferenceLinksComponent: [M:Outpost31.Core.Session.TngnSession.New(ScriptLinkStandard.Objects.OptionObject2015,System.String,System.String)] Unknown reference link target &#39;T:ScriptLinkStandard.Objects.OptionObject2015&#39;.
SHFB: Warning BE0066: ShowMissingComponent: [P:Outpost31.Core.Session.TngnSession.ReturnOptObj] Missing &lt;summary&gt; documentation
SHFB: Warning BE0066: ResolveReferenceLinksComponent: [P:Outpost31.Core.Session.TngnSession.ReturnOptObj] Unknown reference link target &#39;T:ScriptLinkStandard.Objects.OptionObject2015&#39;.
SHFB: Warning BE0066: ShowMissingComponent: [P:Outpost31.Core.Session.TngnSession.ScriptParam] Missing &lt;summary&gt; documentation
SHFB: Warning BE0066: ShowMissingComponent: [P:Outpost31.Core.Session.TngnSession.SentOptObj] Missing &lt;summary&gt; documentation
SHFB: Warning BE0066: ResolveReferenceLinksComponent: [P:Outpost31.Core.Session.TngnSession.SentOptObj] Unknown reference link target &#39;T:ScriptLinkStandard.Objects.OptionObject2015&#39;.
SHFB: Warning BE0066: ShowMissingComponent: [P:Outpost31.Core.Session.TngnSession.SysCode] Missing &lt;summary&gt; documentation
SHFB: Warning BE0066: ShowMissingComponent: [P:Outpost31.Core.Session.TngnSession.WorkOptObj] Missing &lt;summary&gt; documentation
SHFB: Warning BE0066: ResolveReferenceLinksComponent: [P:Outpost31.Core.Session.TngnSession.WorkOptObj] Unknown reference link target &#39;T:ScriptLinkStandard.Objects.OptionObject2015&#39;.
SHFB: Warning BE0066: ShowMissingComponent: [T:Outpost31.Core.Utility.DataExport] Missing &lt;summary&gt; documentation
SHFB: Warning BE0066: ShowMissingComponent: [M:Outpost31.Core.Utility.DataExport.ConfigSummary(System.String,System.String)] Missing &lt;summary&gt; documentation
SHFB: Warning BE0066: ShowMissingComponent: [M:Outpost31.Core.Utility.DataExport.ConfigSummary(System.String,System.String)] Missing &lt;param name=&quot;configSummary&quot;/&gt; documentation
SHFB: Warning BE0066: ShowMissingComponent: [M:Outpost31.Core.Utility.DataExport.ConfigSummary(System.String,System.String)] Missing &lt;param name=&quot;path&quot;/&gt; documentation
SHFB: Warning BE0066: ShowMissingComponent: [T:Outpost31.Core.Utility.DataImport] Missing &lt;summary&gt; documentation
SHFB: Warning BE0066: ShowMissingComponent: [M:Outpost31.Core.Utility.Du.DuFile.WriteLocal(System.String,System.String)] Missing &lt;summary&gt; documentation
SHFB: Warning BE0066: ShowMissingComponent: [M:Outpost31.Core.Utility.Du.DuFile.WriteLocal(System.String,System.String)] Missing &lt;param name=&quot;filePath&quot;/&gt; documentation
SHFB: Warning BE0066: ShowMissingComponent: [M:Outpost31.Core.Utility.Du.DuFile.WriteLocal(System.String,System.String)] Missing &lt;param name=&quot;content&quot;/&gt; documentation
SHFB: Warning BE0066: ShowMissingComponent: [T:Outpost31.Core.Utility.Du.DuJson] Missing &lt;summary&gt; documentation
SHFB: Warning BE0066: ShowMissingComponent: [T:Outpost31.OptionObjects.ErrorCode] Missing &lt;summary&gt; documentation
SHFB: Warning BE0066: ShowMissingComponent: [T:Outpost31.OptionObjects.ReturnOptObj] Missing &lt;summary&gt; documentation
SHFB: Warning BE0066: ShowMissingComponent: [T:Outpost31.OptionObjects.SentOptObj] Missing &lt;summary&gt; documentation
SHFB: Warning BE0066: ShowMissingComponent: [T:Outpost31.OptionObjects.WorkOptObj] Missing &lt;summary&gt; documentation
Processed 129 topic(s)
71 warning(s)
CopyFromIndexComponent: &quot;reflection&quot; in-memory cache entries used: 3 of 15.
CopyFromIndexComponent: &quot;comments&quot; in-memory cache entries used: 1 of 30.
<plugIn name="Website Table of Contents Generator" behavior="After" priority="1000">
Generating TOC fragment files
</plugIn>    Last step completed in 00:00:04.3374
</buildStep>
<buildStep step="CopyStandardHelpContent">
Copying standard help content...
C:\Program Files (x86)\EWSoftware\Sandcastle Help File Builder\Components\Default2022\css\bulma.css -&gt; C:\Caches\Sandcastle\Output\Website\css\bulma.css
C:\Program Files (x86)\EWSoftware\Sandcastle Help File Builder\Components\Default2022\css\bulma.css.map -&gt; C:\Caches\Sandcastle\Output\Website\css\bulma.css.map
C:\Program Files (x86)\EWSoftware\Sandcastle Help File Builder\Components\Default2022\css\bulma.min.css -&gt; C:\Caches\Sandcastle\Output\Website\css\bulma.min.css
C:\Program Files (x86)\EWSoftware\Sandcastle Help File Builder\Components\Default2022\css\font-awesome.css -&gt; C:\Caches\Sandcastle\Output\Website\css\font-awesome.css
C:\Program Files (x86)\EWSoftware\Sandcastle Help File Builder\Components\Default2022\css\font-awesome.min.css -&gt; C:\Caches\Sandcastle\Output\Website\css\font-awesome.min.css
C:\Program Files (x86)\EWSoftware\Sandcastle Help File Builder\Components\Default2022\css\ja-JP.css -&gt; C:\Caches\Sandcastle\Output\Website\css\ja-JP.css
C:\Program Files (x86)\EWSoftware\Sandcastle Help File Builder\Components\Default2022\css\ko-KR.css -&gt; C:\Caches\Sandcastle\Output\Website\css\ko-KR.css
C:\Program Files (x86)\EWSoftware\Sandcastle Help File Builder\Components\Default2022\css\presentationStyle.css -&gt; C:\Caches\Sandcastle\Output\Website\css\presentationStyle.css
C:\Program Files (x86)\EWSoftware\Sandcastle Help File Builder\Components\Default2022\css\vs.min.css -&gt; C:\Caches\Sandcastle\Output\Website\css\vs.min.css
C:\Program Files (x86)\EWSoftware\Sandcastle Help File Builder\Components\Default2022\css\zh-CN.css -&gt; C:\Caches\Sandcastle\Output\Website\css\zh-CN.css
C:\Program Files (x86)\EWSoftware\Sandcastle Help File Builder\Components\Default2022\css\zh-TW.css -&gt; C:\Caches\Sandcastle\Output\Website\css\zh-TW.css
C:\Program Files (x86)\EWSoftware\Sandcastle Help File Builder\Components\Default2022\icons\favicon.ico -&gt; C:\Caches\Sandcastle\Output\Website\icons\favicon.ico
C:\Program Files (x86)\EWSoftware\Sandcastle Help File Builder\Components\Default2022\scripts\clipboard.min.js -&gt; C:\Caches\Sandcastle\Output\Website\scripts\clipboard.min.js
C:\Program Files (x86)\EWSoftware\Sandcastle Help File Builder\Components\Default2022\scripts\highlight.min.js -&gt; C:\Caches\Sandcastle\Output\Website\scripts\highlight.min.js
C:\Program Files (x86)\EWSoftware\Sandcastle Help File Builder\Components\Default2022\scripts\jquery-3.5.1.min.js -&gt; C:\Caches\Sandcastle\Output\Website\scripts\jquery-3.5.1.min.js
C:\Program Files (x86)\EWSoftware\Sandcastle Help File Builder\Components\Default2022\scripts\presentationStyle.js -&gt; C:\Caches\Sandcastle\Output\Website\scripts\presentationStyle.js
C:\Program Files (x86)\EWSoftware\Sandcastle Help File Builder\Components\Default2022\webfonts\fa-brands-400.ttf -&gt; C:\Caches\Sandcastle\Output\Website\webfonts\fa-brands-400.ttf
C:\Program Files (x86)\EWSoftware\Sandcastle Help File Builder\Components\Default2022\webfonts\fa-brands-400.woff2 -&gt; C:\Caches\Sandcastle\Output\Website\webfonts\fa-brands-400.woff2
C:\Program Files (x86)\EWSoftware\Sandcastle Help File Builder\Components\Default2022\webfonts\fa-regular-400.ttf -&gt; C:\Caches\Sandcastle\Output\Website\webfonts\fa-regular-400.ttf
C:\Program Files (x86)\EWSoftware\Sandcastle Help File Builder\Components\Default2022\webfonts\fa-regular-400.woff2 -&gt; C:\Caches\Sandcastle\Output\Website\webfonts\fa-regular-400.woff2
C:\Program Files (x86)\EWSoftware\Sandcastle Help File Builder\Components\Default2022\webfonts\fa-solid-900.ttf -&gt; C:\Caches\Sandcastle\Output\Website\webfonts\fa-solid-900.ttf
C:\Program Files (x86)\EWSoftware\Sandcastle Help File Builder\Components\Default2022\webfonts\fa-solid-900.woff2 -&gt; C:\Caches\Sandcastle\Output\Website\webfonts\fa-solid-900.woff2
C:\Program Files (x86)\EWSoftware\Sandcastle Help File Builder\Components\Default2022\webfonts\fa-v4compatibility.ttf -&gt; C:\Caches\Sandcastle\Output\Website\webfonts\fa-v4compatibility.ttf
C:\Program Files (x86)\EWSoftware\Sandcastle Help File Builder\Components\Default2022\webfonts\fa-v4compatibility.woff2 -&gt; C:\Caches\Sandcastle\Output\Website\webfonts\fa-v4compatibility.woff2
C:\Program Files (x86)\EWSoftware\Sandcastle Help File Builder\Components\Default2022\RootWebsiteContent\GeneralError.html -&gt; C:\Caches\Sandcastle\Output\Website\GeneralError.html
C:\Program Files (x86)\EWSoftware\Sandcastle Help File Builder\Components\Default2022\RootWebsiteContent\index.html -&gt; C:\Caches\Sandcastle\Output\Website\index.html
C:\Program Files (x86)\EWSoftware\Sandcastle Help File Builder\Components\Default2022\RootWebsiteContent\PageNotFound.html -&gt; C:\Caches\Sandcastle\Output\Website\PageNotFound.html
C:\Program Files (x86)\EWSoftware\Sandcastle Help File Builder\Components\Default2022\RootWebsiteContent\search.html -&gt; C:\Caches\Sandcastle\Output\Website\search.html
C:\Program Files (x86)\EWSoftware\Sandcastle Help File Builder\Components\Default2022\RootWebsiteContent\SearchHelp.aspx -&gt; C:\Caches\Sandcastle\Output\Website\SearchHelp.aspx
C:\Program Files (x86)\EWSoftware\Sandcastle Help File Builder\Components\Default2022\RootWebsiteContent\SearchHelp.inc.php -&gt; C:\Caches\Sandcastle\Output\Website\SearchHelp.inc.php
C:\Program Files (x86)\EWSoftware\Sandcastle Help File Builder\Components\Default2022\RootWebsiteContent\SearchHelp.php -&gt; C:\Caches\Sandcastle\Output\Website\SearchHelp.php
C:\Program Files (x86)\EWSoftware\Sandcastle Help File Builder\Components\Default2022\RootWebsiteContent\Web.Config -&gt; C:\Caches\Sandcastle\Output\Website\Web.Config
    Last step completed in 00:00:00.0483
</buildStep>
<buildStep step="GenerateFullTextIndex">
Generating full-text index for the website...

    Last step completed in 00:00:00.0882
</buildStep>
<buildStep step="CopyingWebsiteFiles">
Copying website files to output folder...

Copied 238 files for the website content
    Last step completed in 00:00:00.3277
</buildStep>
<buildStep step="CleanIntermediates">
Removing intermediate files...
    Last step completed in 00:00:00.0612
</buildStep>
<buildStep step="Completed">

Build completed successfully at 4/9/2025 12:01:44 PM.  Total time: 00:00:06.5049

</buildStep>
</shfbBuild>
