<?xml version="1.0" encoding="utf-8"?>
<shfbBuild product="Sandcastle Help File Builder and Tools" version="2025.3.22.0" projectFile="C:\IT\csb\dev\github\spectrum\tingen-documentation\sfhb\shfb-tingen-web-service\shfb-tingen-web-service.shfbproj" started="10/30/2025 9:25:17 AM">
<buildStep step="Initializing">
The Sandcastle tools are located in &#39;C:\Program Files (x86)\EWSoftware\Sandcastle Help File Builder&#39;
Locating components in the following folder(s):
    C:\IT\csb\dev\github\spectrum\tingen-documentation\sfhb\shfb-tingen-web-service
    C:\ProgramData\EWSoftware\Sandcastle Help File Builder\Components and Plug-Ins
    C:\Program Files (x86)\EWSoftware\Sandcastle Help File Builder\Components
Using framework reflection data for &#39;.NET Framework 4.8&#39; located in &#39;C:\Program Files (x86)\EWSoftware\Sandcastle Help File Builder\Data\.NETFramework&#39;
Using presentation style &#39;Default2022&#39; located in &#39;C:\Program Files (x86)\EWSoftware\Sandcastle Help File Builder\Components\Default2022&#39;
Loading and initializing plug-ins...
Website Table of Contents Generator Version 2025.3.22.0
Copyright &#169; 2006-2025, Eric Woodruff, All Rights Reserved
-------------------------------
Clearing any prior web/markdown output...
</buildStep>
<buildStep step="ValidatingDocumentationSources">
Validating and copying documentation source information
Source: C:\IT\csb\dev\github\spectrum\tingen-web-service\src\TingenWebService.csproj
    Found project &#39;C:\IT\csb\dev\github\spectrum\tingen-web-service\src\TingenWebService.csproj&#39;

Parsing project files
    Found assembly &#39;C:\IT\csb\dev\github\spectrum\tingen-web-service\src\bin\TingenWebService.dll&#39; (.NETFramework 4.8)

References to include:
    Microsoft.Bcl.AsyncInterfaces, Version=9.0.0.10, Culture=neutral, PublicKeyToken=cc7b13ffcd2ddd51, processorArchitecture=MSIL
    Microsoft.CodeDom.Providers.DotNetCompilerPlatform, Version=4.1.0.0, Culture=neutral, PublicKeyToken=31bf3856ad364e35, processorArchitecture=MSIL
    System.Buffers, Version=4.0.3.0, Culture=neutral, PublicKeyToken=cc7b13ffcd2ddd51, processorArchitecture=MSIL
    System.IO.Pipelines, Version=9.0.0.10, Culture=neutral, PublicKeyToken=cc7b13ffcd2ddd51, processorArchitecture=MSIL
    System.Memory, Version=4.0.1.2, Culture=neutral, PublicKeyToken=cc7b13ffcd2ddd51, processorArchitecture=MSIL
    System.Numerics.Vectors, Version=4.1.4.0, Culture=neutral, PublicKeyToken=b03f5f7f11d50a3a, processorArchitecture=MSIL
    System.Runtime.CompilerServices.Unsafe, Version=6.0.0.0, Culture=neutral, PublicKeyToken=b03f5f7f11d50a3a, processorArchitecture=MSIL
    System.Text.Encodings.Web, Version=9.0.0.10, Culture=neutral, PublicKeyToken=cc7b13ffcd2ddd51, processorArchitecture=MSIL
    System.Text.Json, Version=9.0.0.10, Culture=neutral, PublicKeyToken=cc7b13ffcd2ddd51, processorArchitecture=MSIL
    System.Threading.Tasks.Extensions, Version=4.2.0.1, Culture=neutral, PublicKeyToken=cc7b13ffcd2ddd51, processorArchitecture=MSIL
    System.ValueTuple, Version=4.0.3.0, Culture=neutral, PublicKeyToken=cc7b13ffcd2ddd51, processorArchitecture=MSIL

Copying XML comments files
    C:\IT\csb\dev\github\spectrum\tingen-web-service\src\bin\tingen-web-service.xml -&gt; C:\IT\csb\dev\github\spectrum\tingen-documentation\docs\api\shfb-tingen-web-service\Working\tingen-web-service.xml
</buildStep>
<buildStep step="GenerateSharedContent">
Generating shared content files (en-US, English (United States))...
    Last step completed in 00:00:00.0043
</buildStep>
<buildStep step="GenerateApiFilter">
Generating API filter for MRefBuilder...
    Last step completed in 00:00:00.0064
</buildStep>
<buildStep step="GenerateReflectionInfo">
Generating reflection information...
[C:\Program Files\Microsoft Visual Studio\2022\Community\MSBuild\Current\Bin\amd64\MSBuild.exe - GenerateRefInfo-19532ba0-b1c1-4acc-bae3-389fc2e3a7c8.proj]
Build started 10/30/2025 9:25:18 AM.

Project &quot;C:\IT\csb\dev\github\spectrum\tingen-documentation\docs\api\shfb-tingen-web-service\Working\GenerateRefInfo-19532ba0-b1c1-4acc-bae3-389fc2e3a7c8.proj&quot; on node 1 (default targets).
PrepareForBuild:
  Creating directory &quot;obj\Debug\&quot;.
GenerateRefInfo:
  Microsoft.Build (v17.14.23+b0019275ecd6d49bb192b2e055849e25419f1010)
  c Microsoft Corporation. All rights reserved.
  No source code context base path specified.  Source context information is unavailable.
  Loaded 1 assemblies for reflection and 12 dependency assemblies.
  Using framework redirect &#39;System.Web.Services, Version=4.0.0.0, Culture=neutral, PublicKeyToken=b03f5f7f11d50a3a&#39; in place of &#39;System.Web.Services, Version=4.0.0.0, Culture=neutral, PublicKeyToken=b03f5f7f11d50a3a&#39;
  Using framework redirect &#39;System, Version=4.0.0.0, Culture=neutral, PublicKeyToken=b77a5c561934e089&#39; in place of &#39;System, Version=4.0.0.0, Culture=neutral, PublicKeyToken=b77a5c561934e089&#39;
  Using framework redirect &#39;System.EnterpriseServices, Version=4.0.0.0, Culture=neutral, PublicKeyToken=b03f5f7f11d50a3a&#39; in place of &#39;System.EnterpriseServices, Version=4.0.0.0, Culture=neutral, PublicKeyToken=b03f5f7f11d50a3a&#39;
  Using framework redirect &#39;System.Web, Version=4.0.0.0, Culture=neutral, PublicKeyToken=b03f5f7f11d50a3a&#39; in place of &#39;System.Web, Version=4.0.0.0, Culture=neutral, PublicKeyToken=b03f5f7f11d50a3a&#39;
  Wrote information on 13 namespaces, 27 types, and 146 members
  Merging duplicate type and member information
  Merged 0 duplicate type(s) and 0 duplicate member(s)
Done Building Project &quot;C:\IT\csb\dev\github\spectrum\tingen-documentation\docs\api\shfb-tingen-web-service\Working\GenerateRefInfo-19532ba0-b1c1-4acc-bae3-389fc2e3a7c8.proj&quot; (default targets).
    Last step completed in 00:00:00.9417
</buildStep>
<buildStep step="ApplyDocumentModel">
Applying document model to reflection output...
    Last step completed in 00:00:00.0644
</buildStep>
<buildStep step="AddApiTopicFilenames">
Adding topic filenames to API members...
    Last step completed in 00:00:00.0116
</buildStep>
<buildStep step="GenerateApiTopicManifest">
Generating API topic manifest...
    Last step completed in 00:00:00.0119
</buildStep>
<buildStep step="GenerateNamespaceSummaries">
Generating namespace summary information...
    Last step completed in 00:00:00.0289
</buildStep>
<buildStep step="CopyConceptualContent">
Copying conceptual content...
Checking for token files...
Checking for code snippets files...
Copying images and creating the media map file...
Generating conceptual topic files
    Parsing topic file &#39;C:\IT\csb\dev\github\spectrum\tingen-documentation\sfhb\shfb-tingen-web-service\Content\Welcome.aml&#39;
    C:\IT\csb\dev\github\spectrum\tingen-documentation\sfhb\shfb-tingen-web-service\Content\Welcome.aml -&gt; C:\IT\csb\dev\github\spectrum\tingen-documentation\docs\api\shfb-tingen-web-service\Working\ddueXml\82a31265-4fa5-4761-b2aa-a7ff62431767.xml
    Last step completed in 00:00:00.0478
</buildStep>
<buildStep step="CreateConceptualTopicConfigs">
Creating conceptual topic configuration files...
    Companion files
    _ContentMetadata_.xml
    Merging topic IDs into reference topic manifest file
    Last step completed in 00:00:00.0390
</buildStep>
<buildStep step="CopyAdditionalContent">
Copying additional content files...
C:\IT\csb\dev\github\spectrum\tingen-documentation\sfhb\shfb-tingen-web-service\icons\Help.png -&gt; C:\IT\csb\dev\github\spectrum\tingen-documentation\docs\api\shfb-tingen-web-service\Working\Output\Website\icons\Help.png
    Last step completed in 00:00:00.0091
</buildStep>
<buildStep step="MergeTablesOfContents">
Merging conceptual and additional tables of contents...
    Last step completed in 00:00:00.0161
</buildStep>
<buildStep step="GenerateIntermediateTableOfContents">
Generating intermediate table of contents file for API content...
Generating conceptual content intermediate TOC file...
    Last step completed in 00:00:00.0319
</buildStep>
<buildStep step="CreateBuildAssemblerConfigs">
Creating Sandcastle configuration files...
    Last step completed in 00:00:00.1810
</buildStep>
<buildStep step="CombiningIntermediateTocFiles">
Combining conceptual and API intermediate TOC files...
    Last step completed in 00:00:00.0143
</buildStep>
<buildStep step="MergeCustomConfigs">
Merging custom build component configurations
C:\IT\csb\dev\github\spectrum\tingen-documentation\docs\api\shfb-tingen-web-service\Working\BuildAssembler.config
  Updating reference topic configurations.
  Updating conceptual topic configurations.
    Removing unused ExampleComponent.
    Last step completed in 00:00:00.0221
</buildStep>
<buildStep step="BuildTopics">
Building help topics...
<plugIn name="Website Table of Contents Generator" behavior="Before" priority="1000">
Loading TOC info and adding unique IDs to parent nodes
</plugIn>Loading configuration...
Processing topics...
SHFB: Warning BE0066: ShowMissingComponent: [N:TingenWebService] Missing &lt;summary&gt; documentation
SHFB: Warning BE0066: ResolveReferenceLinksComponent: [M:TingenWebService.TingenWebService.CriticalFailureOccurred(ScriptLinkStandard.Objects.OptionObject2015,System.String,System.String)] Unknown reference link target &#39;T:ScriptLinkStandard.Objects.OptionObject2015&#39;.
SHFB: Warning BE0066: ResolveReferenceLinksComponent: [M:TingenWebService.TingenWebService.CriticalFailureOccurred(ScriptLinkStandard.Objects.OptionObject2015,System.String,System.String)] Unknown reference link target &#39;T:ScriptLinkStandard.Objects.OptionObject2015&#39;.
SHFB: Warning BE0066: ResolveReferenceLinksComponent: [M:TingenWebService.TingenWebService.CriticalFailureOccurred(ScriptLinkStandard.Objects.OptionObject2015,System.String,System.String)] Unknown reference link target &#39;T:ScriptLinkStandard.Objects.OptionObject2015&#39;.
SHFB: Warning BE0066: ResolveReferenceLinksComponent: [M:TingenWebService.TingenWebService.RunScript(ScriptLinkStandard.Objects.OptionObject2015,System.String)] Unknown reference link target &#39;T:ScriptLinkStandard.Objects.OptionObject2015&#39;.
SHFB: Warning BE0066: ResolveReferenceLinksComponent: [M:TingenWebService.TingenWebService.RunScript(ScriptLinkStandard.Objects.OptionObject2015,System.String)] Unknown reference link target &#39;T:ScriptLinkStandard.Objects.OptionObject2015&#39;.
SHFB: Warning BE0066: ResolveReferenceLinksComponent: [M:TingenWebService.TingenWebService.RunScript(ScriptLinkStandard.Objects.OptionObject2015,System.String)] Unknown reference link target &#39;T:ScriptLinkStandard.Objects.OptionObject2015&#39;.
SHFB: Warning BE0066: ResolveReferenceLinksComponent: [M:TingenWebService.TingenWebService.RunScript(ScriptLinkStandard.Objects.OptionObject2015,System.String)] Unknown reference link target &#39;T:ScriptLinkStandard.Objects.OptionObject2015&#39;.
SHFB: Warning BE0066: ResolveReferenceLinksComponent: [M:TingenWebService.TingenWebService.RunScript(ScriptLinkStandard.Objects.OptionObject2015,System.String)] Unknown reference link target &#39;!:Outpost31&#39;.
SHFB: Warning BE0066: ResolveReferenceLinksComponent: [M:TingenWebService.TingenWebService.RunScript(ScriptLinkStandard.Objects.OptionObject2015,System.String)] Invalid reference link target &#39;!:Outpost31&#39;.
SHFB: Warning BE0066: ShowMissingComponent: [N:TingenWebService.Configuration] Missing &lt;summary&gt; documentation
SHFB: Warning BE0066: ResolveReferenceLinksComponent: [M:TingenWebService.Configuration.RuntimeConfig.Load(TingenWebService.Properties.Settings,System.String)] Unknown reference link target &#39;T:TingenWebService.Properties.Settings&#39;.
SHFB: Warning BE0066: ShowMissingComponent: [N:TingenWebService.Core.Avatar] Missing &lt;summary&gt; documentation
SHFB: Warning BE0066: ResolveReferenceLinksComponent: [T:TingenWebService.Core.Avatar.AvatarOptionObject] Unknown reference link target &#39;T:ScriptLinkStandard.Objects.OptionObject2015&#39;.
SHFB: Warning BE0066: ResolveReferenceLinksComponent: [T:TingenWebService.Core.Avatar.AvatarOptionObject] Unknown reference link target &#39;T:ScriptLinkStandard.Objects.OptionObject2015&#39;.
SHFB: Warning BE0066: ResolveReferenceLinksComponent: [T:TingenWebService.Core.Avatar.AvatarOptionObject] Unknown reference link target &#39;T:ScriptLinkStandard.Objects.OptionObject2015&#39;.
SHFB: Warning BE0066: ResolveReferenceLinksComponent: [Properties.T:TingenWebService.Core.Avatar.AvatarOptionObject] Unknown reference link target &#39;T:ScriptLinkStandard.Objects.OptionObject2015&#39;.
SHFB: Warning BE0066: ResolveReferenceLinksComponent: [Properties.T:TingenWebService.Core.Avatar.AvatarOptionObject] Unknown reference link target &#39;T:ScriptLinkStandard.Objects.OptionObject2015&#39;.
SHFB: Warning BE0066: ResolveReferenceLinksComponent: [Properties.T:TingenWebService.Core.Avatar.AvatarOptionObject] Unknown reference link target &#39;T:ScriptLinkStandard.Objects.OptionObject2015&#39;.
SHFB: Warning BE0066: ResolveReferenceLinksComponent: [P:TingenWebService.Core.Avatar.AvatarOptionObject.Completed] Unknown reference link target &#39;T:ScriptLinkStandard.Objects.OptionObject2015&#39;.
SHFB: Warning BE0066: ResolveReferenceLinksComponent: [P:TingenWebService.Core.Avatar.AvatarOptionObject.Completed] Unknown reference link target &#39;T:ScriptLinkStandard.Objects.OptionObject2015&#39;.
SHFB: Warning BE0066: ResolveReferenceLinksComponent: [P:TingenWebService.Core.Avatar.AvatarOptionObject.Original] Unknown reference link target &#39;T:ScriptLinkStandard.Objects.OptionObject2015&#39;.
SHFB: Warning BE0066: ResolveReferenceLinksComponent: [P:TingenWebService.Core.Avatar.AvatarOptionObject.Original] Unknown reference link target &#39;T:ScriptLinkStandard.Objects.OptionObject2015&#39;.
SHFB: Warning BE0066: ShowMissingComponent: [M:TingenWebService.Core.Avatar.AvatarOptionObject.ToReturn(TingenWebService.Core.TngnWsvcSession.WsvcSession,System.Int32,System.String)] Missing &lt;summary&gt; documentation
SHFB: Warning BE0066: ShowMissingComponent: [M:TingenWebService.Core.Avatar.AvatarOptionObject.ToReturn(TingenWebService.Core.TngnWsvcSession.WsvcSession,System.Int32,System.String)] Missing &lt;param name=&quot;wsvcSession&quot;/&gt; documentation
SHFB: Warning BE0066: ShowMissingComponent: [M:TingenWebService.Core.Avatar.AvatarOptionObject.ToReturn(TingenWebService.Core.TngnWsvcSession.WsvcSession,System.Int32,System.String)] Missing &lt;param name=&quot;errCode&quot;/&gt; documentation
SHFB: Warning BE0066: ShowMissingComponent: [M:TingenWebService.Core.Avatar.AvatarOptionObject.ToReturn(TingenWebService.Core.TngnWsvcSession.WsvcSession,System.Int32,System.String)] Missing &lt;param name=&quot;errMsg&quot;/&gt; documentation
SHFB: Warning BE0066: ResolveReferenceLinksComponent: [M:TingenWebService.Core.Avatar.AvatarOptionObject.VerifyExistence(ScriptLinkStandard.Objects.OptionObject2015)] Unknown reference link target &#39;T:ScriptLinkStandard.Objects.OptionObject2015&#39;.
SHFB: Warning BE0066: ResolveReferenceLinksComponent: [P:TingenWebService.Core.Avatar.AvatarOptionObject.Worker] Unknown reference link target &#39;T:ScriptLinkStandard.Objects.OptionObject2015&#39;.
SHFB: Warning BE0066: ResolveReferenceLinksComponent: [P:TingenWebService.Core.Avatar.AvatarOptionObject.Worker] Unknown reference link target &#39;T:ScriptLinkStandard.Objects.OptionObject2015&#39;.
SHFB: Warning BE0066: ShowMissingComponent: [P:TingenWebService.Core.Avatar.AvatarScriptParameter.OriginalParameter] Missing &lt;summary&gt; documentation
SHFB: Warning BE0066: ShowMissingComponent: [M:TingenWebService.Core.Avatar.AvatarScriptParameter.Parse(TingenWebService.Core.TngnWsvcSession.WsvcSession)] Missing &lt;param name=&quot;wsvcSession&quot;/&gt; documentation
SHFB: Warning BE0066: ShowMissingComponent: [M:TingenWebService.Core.Avatar.AvatarScriptParameter.ParseStatic(TingenWebService.Core.TngnWsvcSession.WsvcSession)] Missing &lt;summary&gt; documentation
SHFB: Warning BE0066: ShowMissingComponent: [M:TingenWebService.Core.Avatar.AvatarScriptParameter.ParseStatic(TingenWebService.Core.TngnWsvcSession.WsvcSession)] Missing &lt;param name=&quot;wsvcSession&quot;/&gt; documentation
SHFB: Warning BE0066: ShowMissingComponent: [N:TingenWebService.Core.Du] Missing &lt;summary&gt; documentation
SHFB: Warning BE0066: ShowMissingComponent: [N:TingenWebService.Core.Framework] Missing &lt;summary&gt; documentation
SHFB: Warning BE0066: ShowMissingComponent: [M:TingenWebService.Core.Framework.Folders.CreateFolderFramework(TingenWebService.Core.Framework.Folders,System.String)] Missing &lt;param name=&quot;AvatarSystem&quot;/&gt; documentation
SHFB: Warning BE0066: ShowMissingComponent: [M:TingenWebService.Core.Framework.Folders.Load(System.String,System.String,System.String,System.String,System.String,System.String)] Missing &lt;param name=&quot;AvatarSystem&quot;/&gt; documentation
SHFB: Warning BE0066: ShowMissingComponent: [N:TingenWebService.Core.Logger] Missing &lt;summary&gt; documentation
SHFB: Warning BE0066: ShowMissingComponent: [T:TingenWebService.Core.Logger.ErrorLog] Missing &lt;summary&gt; documentation
SHFB: Warning BE0066: ShowMissingComponent: [M:TingenWebService.Core.Logger.ErrorLog.Create(System.String,TingenWebService.Core.Framework.Folders,System.String,System.String,System.String,System.String,System.String,System.Int32)] Missing &lt;summary&gt; documentation
SHFB: Warning BE0066: ShowMissingComponent: [M:TingenWebService.Core.Logger.ErrorLog.Create(System.String,TingenWebService.Core.Framework.Folders,System.String,System.String,System.String,System.String,System.String,System.Int32)] Missing &lt;param name=&quot;avatarUserName&quot;/&gt; documentation
SHFB: Warning BE0066: ShowMissingComponent: [M:TingenWebService.Core.Logger.ErrorLog.Create(System.String,TingenWebService.Core.Framework.Folders,System.String,System.String,System.String,System.String,System.String,System.Int32)] Missing &lt;param name=&quot;tngnWsvcFolder&quot;/&gt; documentation
SHFB: Warning BE0066: ShowMissingComponent: [M:TingenWebService.Core.Logger.ErrorLog.Create(System.String,TingenWebService.Core.Framework.Folders,System.String,System.String,System.String,System.String,System.String,System.Int32)] Missing &lt;param name=&quot;exeAsm&quot;/&gt; documentation
SHFB: Warning BE0066: ShowMissingComponent: [M:TingenWebService.Core.Logger.ErrorLog.Create(System.String,TingenWebService.Core.Framework.Folders,System.String,System.String,System.String,System.String,System.String,System.Int32)] Missing &lt;param name=&quot;errCode&quot;/&gt; documentation
SHFB: Warning BE0066: ShowMissingComponent: [M:TingenWebService.Core.Logger.ErrorLog.Create(System.String,TingenWebService.Core.Framework.Folders,System.String,System.String,System.String,System.String,System.String,System.Int32)] Missing &lt;param name=&quot;errMsg&quot;/&gt; documentation
SHFB: Warning BE0066: ShowMissingComponent: [M:TingenWebService.Core.Logger.ErrorLog.Create(System.String,TingenWebService.Core.Framework.Folders,System.String,System.String,System.String,System.String,System.String,System.Int32)] Missing &lt;param name=&quot;classPath&quot;/&gt; documentation
SHFB: Warning BE0066: ShowMissingComponent: [M:TingenWebService.Core.Logger.ErrorLog.Create(System.String,TingenWebService.Core.Framework.Folders,System.String,System.String,System.String,System.String,System.String,System.Int32)] Missing &lt;param name=&quot;methodName&quot;/&gt; documentation
SHFB: Warning BE0066: ShowMissingComponent: [M:TingenWebService.Core.Logger.ErrorLog.Create(System.String,TingenWebService.Core.Framework.Folders,System.String,System.String,System.String,System.String,System.String,System.Int32)] Missing &lt;param name=&quot;lineNumber&quot;/&gt; documentation
SHFB: Warning BE0066: ShowMissingComponent: [M:TingenWebService.Core.Logger.ErrorLog.LogContent(System.String,System.String,System.String,System.String,System.String,System.String,System.Int32)] Missing &lt;summary&gt; documentation
SHFB: Warning BE0066: ShowMissingComponent: [M:TingenWebService.Core.Logger.ErrorLog.LogContent(System.String,System.String,System.String,System.String,System.String,System.String,System.Int32)] Missing &lt;returns&gt; documentation
SHFB: Warning BE0066: ShowMissingComponent: [M:TingenWebService.Core.Logger.ErrorLog.LogContent(System.String,System.String,System.String,System.String,System.String,System.String,System.Int32)] Missing &lt;param name=&quot;logBlueprint&quot;/&gt; documentation
SHFB: Warning BE0066: ShowMissingComponent: [M:TingenWebService.Core.Logger.ErrorLog.LogContent(System.String,System.String,System.String,System.String,System.String,System.String,System.Int32)] Missing &lt;param name=&quot;errCode&quot;/&gt; documentation
SHFB: Warning BE0066: ShowMissingComponent: [M:TingenWebService.Core.Logger.ErrorLog.LogContent(System.String,System.String,System.String,System.String,System.String,System.String,System.Int32)] Missing &lt;param name=&quot;errMsg&quot;/&gt; documentation
SHFB: Warning BE0066: ShowMissingComponent: [M:TingenWebService.Core.Logger.ErrorLog.LogContent(System.String,System.String,System.String,System.String,System.String,System.String,System.Int32)] Missing &lt;param name=&quot;asmName&quot;/&gt; documentation
SHFB: Warning BE0066: ShowMissingComponent: [M:TingenWebService.Core.Logger.ErrorLog.LogContent(System.String,System.String,System.String,System.String,System.String,System.String,System.Int32)] Missing &lt;param name=&quot;classPath&quot;/&gt; documentation
SHFB: Warning BE0066: ShowMissingComponent: [M:TingenWebService.Core.Logger.ErrorLog.LogContent(System.String,System.String,System.String,System.String,System.String,System.String,System.Int32)] Missing &lt;param name=&quot;methodName&quot;/&gt; documentation
SHFB: Warning BE0066: ShowMissingComponent: [M:TingenWebService.Core.Logger.ErrorLog.LogContent(System.String,System.String,System.String,System.String,System.String,System.String,System.Int32)] Missing &lt;param name=&quot;lineNumber&quot;/&gt; documentation
SHFB: Warning BE0066: ShowMissingComponent: [M:TingenWebService.Core.Logger.LogEvent.Critical(System.String,TingenWebService.Core.Framework.Folders,System.String,System.String,System.String,System.String,System.String,System.Int32)] Missing &lt;param name=&quot;avatarUserName&quot;/&gt; documentation
SHFB: Warning BE0066: ShowMissingComponent: [M:TingenWebService.Core.Logger.LogEvent.Critical(System.String,TingenWebService.Core.Framework.Folders,System.String,System.String,System.String,System.String,System.String,System.Int32)] Missing &lt;param name=&quot;tngnWsvcFolder&quot;/&gt; documentation
SHFB: Warning BE0066: ShowMissingComponent: [M:TingenWebService.Core.Logger.LogEvent.Critical(System.String,TingenWebService.Core.Framework.Folders,System.String,System.String,System.String,System.String,System.String,System.Int32)] Missing &lt;param name=&quot;exeAsm&quot;/&gt; documentation
SHFB: Warning BE0066: ShowMissingComponent: [M:TingenWebService.Core.Logger.LogEvent.Critical(System.String,TingenWebService.Core.Framework.Folders,System.String,System.String,System.String,System.String,System.String,System.Int32)] Missing &lt;param name=&quot;logTitle&quot;/&gt; documentation
SHFB: Warning BE0066: ShowMissingComponent: [M:TingenWebService.Core.Logger.LogEvent.Critical(System.String,TingenWebService.Core.Framework.Folders,System.String,System.String,System.String,System.String,System.String,System.Int32)] Missing &lt;param name=&quot;logMsg&quot;/&gt; documentation
SHFB: Warning BE0066: ShowMissingComponent: [M:TingenWebService.Core.Logger.LogEvent.Critical(System.String,TingenWebService.Core.Framework.Folders,System.String,System.String,System.String,System.String,System.String,System.Int32)] Missing &lt;param name=&quot;classPath&quot;/&gt; documentation
SHFB: Warning BE0066: ShowMissingComponent: [M:TingenWebService.Core.Logger.LogEvent.Critical(System.String,TingenWebService.Core.Framework.Folders,System.String,System.String,System.String,System.String,System.String,System.Int32)] Missing &lt;param name=&quot;methodName&quot;/&gt; documentation
SHFB: Warning BE0066: ShowMissingComponent: [M:TingenWebService.Core.Logger.LogEvent.Critical(System.String,TingenWebService.Core.Framework.Folders,System.String,System.String,System.String,System.String,System.String,System.Int32)] Missing &lt;param name=&quot;lineNumber&quot;/&gt; documentation
SHFB: Warning BE0066: ShowMissingComponent: [M:TingenWebService.Core.Logger.LogEvent.Debug(System.String,System.String,System.String,System.Int32)] Missing &lt;summary&gt; documentation
SHFB: Warning BE0066: ShowMissingComponent: [M:TingenWebService.Core.Logger.LogEvent.Debug(System.String,System.String,System.String,System.Int32)] Missing &lt;param name=&quot;logMsg&quot;/&gt; documentation
SHFB: Warning BE0066: ShowMissingComponent: [M:TingenWebService.Core.Logger.LogEvent.Debug(System.String,System.String,System.String,System.Int32)] Missing &lt;param name=&quot;classPath&quot;/&gt; documentation
SHFB: Warning BE0066: ShowMissingComponent: [M:TingenWebService.Core.Logger.LogEvent.Debug(System.String,System.String,System.String,System.Int32)] Missing &lt;param name=&quot;methodName&quot;/&gt; documentation
SHFB: Warning BE0066: ShowMissingComponent: [M:TingenWebService.Core.Logger.LogEvent.Debug(System.String,System.String,System.String,System.Int32)] Missing &lt;param name=&quot;lineNumber&quot;/&gt; documentation
SHFB: Warning BE0066: ShowMissingComponent: [M:TingenWebService.Core.Logger.LogEvent.Error(System.String,TingenWebService.Core.Framework.Folders,System.String,System.String,System.String,System.String,System.String,System.Int32)] Missing &lt;param name=&quot;avatarUserName&quot;/&gt; documentation
SHFB: Warning BE0066: ShowMissingComponent: [M:TingenWebService.Core.Logger.LogEvent.Error(System.String,TingenWebService.Core.Framework.Folders,System.String,System.String,System.String,System.String,System.String,System.Int32)] Missing &lt;param name=&quot;tngnWsvcFolder&quot;/&gt; documentation
SHFB: Warning BE0066: ShowMissingComponent: [M:TingenWebService.Core.Logger.LogEvent.Error(System.String,TingenWebService.Core.Framework.Folders,System.String,System.String,System.String,System.String,System.String,System.Int32)] Missing &lt;param name=&quot;exeAsm&quot;/&gt; documentation
SHFB: Warning BE0066: ShowMissingComponent: [M:TingenWebService.Core.Logger.LogEvent.Error(System.String,TingenWebService.Core.Framework.Folders,System.String,System.String,System.String,System.String,System.String,System.Int32)] Missing &lt;param name=&quot;errCode&quot;/&gt; documentation
SHFB: Warning BE0066: ShowMissingComponent: [M:TingenWebService.Core.Logger.LogEvent.Error(System.String,TingenWebService.Core.Framework.Folders,System.String,System.String,System.String,System.String,System.String,System.Int32)] Missing &lt;param name=&quot;errMsg&quot;/&gt; documentation
SHFB: Warning BE0066: ShowMissingComponent: [M:TingenWebService.Core.Logger.LogEvent.Error(System.String,TingenWebService.Core.Framework.Folders,System.String,System.String,System.String,System.String,System.String,System.Int32)] Missing &lt;param name=&quot;classPath&quot;/&gt; documentation
SHFB: Warning BE0066: ShowMissingComponent: [M:TingenWebService.Core.Logger.LogEvent.Error(System.String,TingenWebService.Core.Framework.Folders,System.String,System.String,System.String,System.String,System.String,System.Int32)] Missing &lt;param name=&quot;methodName&quot;/&gt; documentation
SHFB: Warning BE0066: ShowMissingComponent: [M:TingenWebService.Core.Logger.LogEvent.Error(System.String,TingenWebService.Core.Framework.Folders,System.String,System.String,System.String,System.String,System.String,System.Int32)] Missing &lt;param name=&quot;lineNumber&quot;/&gt; documentation
SHFB: Warning BE0066: ShowMissingComponent: [M:TingenWebService.Core.Logger.LogEvent.Session(TingenWebService.Core.TngnWsvcSession.WsvcSession)] Missing &lt;summary&gt; documentation
SHFB: Warning BE0066: ShowMissingComponent: [M:TingenWebService.Core.Logger.LogEvent.Session(TingenWebService.Core.TngnWsvcSession.WsvcSession)] Missing &lt;param name=&quot;wsvcSession&quot;/&gt; documentation
SHFB: Warning BE0066: ShowMissingComponent: [M:TingenWebService.Core.Logger.LogEvent.Trace(System.Int32,System.Int32,System.String,System.String,System.String,System.String,System.Int32)] Missing &lt;param name=&quot;traceLevel&quot;/&gt; documentation
SHFB: Warning BE0066: ShowMissingComponent: [M:TingenWebService.Core.Logger.LogEvent.Trace(System.Int32,System.Int32,System.String,System.String,System.String,System.String,System.Int32)] Missing &lt;param name=&quot;traceLogLimit&quot;/&gt; documentation
SHFB: Warning BE0066: ShowMissingComponent: [M:TingenWebService.Core.Logger.LogEvent.Trace(System.Int32,System.Int32,System.String,System.String,System.String,System.String,System.Int32)] Missing &lt;param name=&quot;sessionFolder&quot;/&gt; documentation
SHFB: Warning BE0066: ShowMissingComponent: [M:TingenWebService.Core.Logger.LogEvent.Trace(System.Int32,System.Int32,System.String,System.String,System.String,System.String,System.Int32)] Missing &lt;param name=&quot;exeAsm&quot;/&gt; documentation
SHFB: Warning BE0066: ShowMissingComponent: [M:TingenWebService.Core.Logger.LogEvent.Trace(System.Int32,System.Int32,System.String,System.String,System.String,System.String,System.Int32)] Missing &lt;param name=&quot;classPath&quot;/&gt; documentation
SHFB: Warning BE0066: ShowMissingComponent: [M:TingenWebService.Core.Logger.LogEvent.Trace(System.Int32,System.Int32,System.String,System.String,System.String,System.String,System.Int32)] Missing &lt;param name=&quot;methodName&quot;/&gt; documentation
SHFB: Warning BE0066: ShowMissingComponent: [M:TingenWebService.Core.Logger.LogEvent.Trace(System.Int32,System.Int32,System.String,System.String,System.String,System.String,System.Int32)] Missing &lt;param name=&quot;lineNumber&quot;/&gt; documentation
SHFB: Warning BE0066: ShowMissingComponent: [T:TingenWebService.Core.Logger.LogSettings] Missing &lt;summary&gt; documentation
SHFB: Warning BE0066: ShowMissingComponent: [M:TingenWebService.Core.Logger.LogSettings.Load(System.String)] Missing &lt;summary&gt; documentation
SHFB: Warning BE0066: ShowMissingComponent: [M:TingenWebService.Core.Logger.LogSettings.Load(System.String)] Missing &lt;returns&gt; documentation
SHFB: Warning BE0066: ShowMissingComponent: [M:TingenWebService.Core.Logger.LogSettings.Load(System.String)] Missing &lt;param name=&quot;traceLogLimit&quot;/&gt; documentation
SHFB: Warning BE0066: ShowMissingComponent: [P:TingenWebService.Core.Logger.LogSettings.LogMsec] Missing &lt;summary&gt; documentation
SHFB: Warning BE0066: ShowMissingComponent: [P:TingenWebService.Core.Logger.LogSettings.TraceLogLimit] Missing &lt;summary&gt; documentation
SHFB: Warning BE0066: ShowMissingComponent: [T:TingenWebService.Core.Logger.LogUtility] Missing &lt;summary&gt; documentation
SHFB: Warning BE0066: ShowMissingComponent: [M:TingenWebService.Core.Logger.LogUtility.GetClassName(System.String)] Missing &lt;returns&gt; documentation
SHFB: Warning BE0066: ShowMissingComponent: [M:TingenWebService.Core.Logger.LogUtility.GetClassName(System.String)] Missing &lt;param name=&quot;classPath&quot;/&gt; documentation
SHFB: Warning BE0066: ShowMissingComponent: [M:TingenWebService.Core.Logger.LogUtility.WriteLocal(System.String,System.String)] Missing &lt;summary&gt; documentation
SHFB: Warning BE0066: ShowMissingComponent: [M:TingenWebService.Core.Logger.LogUtility.WriteLocal(System.String,System.String)] Missing &lt;param name=&quot;filePath&quot;/&gt; documentation
SHFB: Warning BE0066: ShowMissingComponent: [M:TingenWebService.Core.Logger.LogUtility.WriteLocal(System.String,System.String)] Missing &lt;param name=&quot;fileContent&quot;/&gt; documentation
SHFB: Warning BE0066: ShowMissingComponent: [T:TingenWebService.Core.Logger.SessionLog] Missing &lt;summary&gt; documentation
SHFB: Warning BE0066: ShowMissingComponent: [M:TingenWebService.Core.Logger.SessionLog.AddToRunningLog(TingenWebService.Core.TngnWsvcSession.WsvcSession,System.String)] Missing &lt;summary&gt; documentation
SHFB: Warning BE0066: ShowMissingComponent: [M:TingenWebService.Core.Logger.SessionLog.AddToRunningLog(TingenWebService.Core.TngnWsvcSession.WsvcSession,System.String)] Missing &lt;param name=&quot;wsvcSession&quot;/&gt; documentation
SHFB: Warning BE0066: ShowMissingComponent: [M:TingenWebService.Core.Logger.SessionLog.AddToRunningLog(TingenWebService.Core.TngnWsvcSession.WsvcSession,System.String)] Missing &lt;param name=&quot;entry&quot;/&gt; documentation
SHFB: Warning BE0066: ShowMissingComponent: [M:TingenWebService.Core.Logger.SessionLog.Create(TingenWebService.Core.TngnWsvcSession.WsvcSession)] Missing &lt;summary&gt; documentation
SHFB: Warning BE0066: ShowMissingComponent: [M:TingenWebService.Core.Logger.SessionLog.Create(TingenWebService.Core.TngnWsvcSession.WsvcSession)] Missing &lt;param name=&quot;wsvcSession&quot;/&gt; documentation
SHFB: Warning BE0066: ShowMissingComponent: [M:TingenWebService.Core.Logger.SessionLog.LogContent(System.String,TingenWebService.Core.TngnWsvcSession.WsvcSessionDetails,System.String)] Missing &lt;summary&gt; documentation
SHFB: Warning BE0066: ShowMissingComponent: [M:TingenWebService.Core.Logger.SessionLog.LogContent(System.String,TingenWebService.Core.TngnWsvcSession.WsvcSessionDetails,System.String)] Missing &lt;returns&gt; documentation
SHFB: Warning BE0066: ShowMissingComponent: [M:TingenWebService.Core.Logger.SessionLog.LogContent(System.String,TingenWebService.Core.TngnWsvcSession.WsvcSessionDetails,System.String)] Missing &lt;param name=&quot;logBlueprint&quot;/&gt; documentation
SHFB: Warning BE0066: ShowMissingComponent: [M:TingenWebService.Core.Logger.SessionLog.LogContent(System.String,TingenWebService.Core.TngnWsvcSession.WsvcSessionDetails,System.String)] Missing &lt;param name=&quot;detail&quot;/&gt; documentation
SHFB: Warning BE0066: ShowMissingComponent: [M:TingenWebService.Core.Logger.SessionLog.LogContent(System.String,TingenWebService.Core.TngnWsvcSession.WsvcSessionDetails,System.String)] Missing &lt;param name=&quot;command&quot;/&gt; documentation
SHFB: Warning BE0066: ShowMissingComponent: [T:TingenWebService.Core.Logger.TraceLog] Missing &lt;summary&gt; documentation
SHFB: Warning BE0066: ShowMissingComponent: [M:TingenWebService.Core.Logger.TraceLog.Create(System.Int32,System.Int32,System.String,System.String,System.String,System.String,System.Int32)] Missing &lt;summary&gt; documentation
SHFB: Warning BE0066: ShowMissingComponent: [M:TingenWebService.Core.Logger.TraceLog.Create(System.Int32,System.Int32,System.String,System.String,System.String,System.String,System.Int32)] Missing &lt;param name=&quot;traceLevel&quot;/&gt; documentation
SHFB: Warning BE0066: ShowMissingComponent: [M:TingenWebService.Core.Logger.TraceLog.Create(System.Int32,System.Int32,System.String,System.String,System.String,System.String,System.Int32)] Missing &lt;param name=&quot;traceLogLimit&quot;/&gt; documentation
SHFB: Warning BE0066: ShowMissingComponent: [M:TingenWebService.Core.Logger.TraceLog.Create(System.Int32,System.Int32,System.String,System.String,System.String,System.String,System.Int32)] Missing &lt;param name=&quot;sessionFolder&quot;/&gt; documentation
SHFB: Warning BE0066: ShowMissingComponent: [M:TingenWebService.Core.Logger.TraceLog.Create(System.Int32,System.Int32,System.String,System.String,System.String,System.String,System.Int32)] Missing &lt;param name=&quot;exeAsm&quot;/&gt; documentation
SHFB: Warning BE0066: ShowMissingComponent: [M:TingenWebService.Core.Logger.TraceLog.Create(System.Int32,System.Int32,System.String,System.String,System.String,System.String,System.Int32)] Missing &lt;param name=&quot;classPath&quot;/&gt; documentation
SHFB: Warning BE0066: ShowMissingComponent: [M:TingenWebService.Core.Logger.TraceLog.Create(System.Int32,System.Int32,System.String,System.String,System.String,System.String,System.Int32)] Missing &lt;param name=&quot;methodName&quot;/&gt; documentation
SHFB: Warning BE0066: ShowMissingComponent: [M:TingenWebService.Core.Logger.TraceLog.Create(System.Int32,System.Int32,System.String,System.String,System.String,System.String,System.Int32)] Missing &lt;param name=&quot;lineNumber&quot;/&gt; documentation
SHFB: Warning BE0066: ShowMissingComponent: [N:TingenWebService.Core.Operation] Missing &lt;summary&gt; documentation
SHFB: Warning BE0066: ResolveReferenceLinksComponent: [T:TingenWebService.Core.Operation.AvatarField] Unknown reference link target &#39;T:ScriptLinkStandard.Objects.OptionObject&#39;.
SHFB: Warning BE0066: ResolveReferenceLinksComponent: [Methods.T:TingenWebService.Core.Operation.AvatarField] Unknown reference link target &#39;T:ScriptLinkStandard.Objects.OptionObject&#39;.
SHFB: Warning BE0066: ShowMissingComponent: [M:TingenWebService.Core.Operation.AvatarField.AreEqual(System.Int32,System.Int32,System.Int32,System.String)] Missing &lt;param name=&quot;traceLogLimit&quot;/&gt; documentation
SHFB: Warning BE0066: ShowMissingComponent: [M:TingenWebService.Core.Operation.AvatarField.AreEqual(System.Int32,System.Int32,System.Int32,System.String)] Missing &lt;param name=&quot;currentSessionFolder&quot;/&gt; documentation
SHFB: Warning BE0066: ShowMissingComponent: [M:TingenWebService.Core.Operation.AvatarField.AreEqual(System.String,System.String,System.Int32,System.String)] Missing &lt;param name=&quot;traceLogLimit&quot;/&gt; documentation
SHFB: Warning BE0066: ShowMissingComponent: [M:TingenWebService.Core.Operation.AvatarField.AreEqual(System.String,System.String,System.Int32,System.String)] Missing &lt;param name=&quot;currentSessionFolder&quot;/&gt; documentation
SHFB: Warning BE0066: ShowMissingComponent: [M:TingenWebService.Core.Operation.AvatarField.GetValue(ScriptLinkStandard.Objects.OptionObject,System.String,System.Int32,System.String)] Missing &lt;param name=&quot;traceLogLimit&quot;/&gt; documentation
SHFB: Warning BE0066: ShowMissingComponent: [M:TingenWebService.Core.Operation.AvatarField.GetValue(ScriptLinkStandard.Objects.OptionObject,System.String,System.Int32,System.String)] Missing &lt;param name=&quot;currentSessionFolder&quot;/&gt; documentation
SHFB: Warning BE0066: ResolveReferenceLinksComponent: [M:TingenWebService.Core.Operation.AvatarField.GetValue(ScriptLinkStandard.Objects.OptionObject,System.String,System.Int32,System.String)] Unknown reference link target &#39;T:ScriptLinkStandard.Objects.OptionObject&#39;.
SHFB: Warning BE0066: ResolveReferenceLinksComponent: [M:TingenWebService.Core.Operation.AvatarField.GetValue(ScriptLinkStandard.Objects.OptionObject,System.String,System.Int32,System.String)] Unknown reference link target &#39;T:ScriptLinkStandard.Objects.OptionObject&#39;.
SHFB: Warning BE0066: ResolveReferenceLinksComponent: [M:TingenWebService.Core.Operation.AvatarField.GetValue(ScriptLinkStandard.Objects.OptionObject,System.String,System.Int32,System.String)] Unknown reference link target &#39;T:ScriptLinkStandard.Objects.OptionObject&#39;.
SHFB: Warning BE0066: ShowMissingComponent: [N:TingenWebService.Core.Parse] Missing &lt;summary&gt; documentation
SHFB: Warning BE0066: ShowMissingComponent: [M:TingenWebService.Core.Parse.Request.Prototype(TingenWebService.Core.TngnWsvcSession.WsvcSession)] Missing &lt;summary&gt; documentation
SHFB: Warning BE0066: ShowMissingComponent: [M:TingenWebService.Core.Parse.Request.Prototype(TingenWebService.Core.TngnWsvcSession.WsvcSession)] Missing &lt;param name=&quot;wsvcSession&quot;/&gt; documentation
SHFB: Warning BE0066: ShowMissingComponent: [M:TingenWebService.Core.Parse.Request.TngnWsvc(TingenWebService.Core.TngnWsvcSession.WsvcSession)] Missing &lt;summary&gt; documentation
SHFB: Warning BE0066: ShowMissingComponent: [M:TingenWebService.Core.Parse.Request.TngnWsvc(TingenWebService.Core.TngnWsvcSession.WsvcSession)] Missing &lt;param name=&quot;wsvcSession&quot;/&gt; documentation
SHFB: Warning BE0066: ShowMissingComponent: [N:TingenWebService.Core.TngnWsvcSession] Missing &lt;summary&gt; documentation
SHFB: Warning BE0066: ShowMissingComponent: [P:TingenWebService.Core.TngnWsvcSession.WsvcSession.Detail] Missing &lt;summary&gt; documentation
SHFB: Warning BE0066: ShowMissingComponent: [P:TingenWebService.Core.TngnWsvcSession.WsvcSession.Folder] Missing &lt;summary&gt; documentation
SHFB: Warning BE0066: ShowMissingComponent: [M:TingenWebService.Core.TngnWsvcSession.WsvcSession.Load(ScriptLinkStandard.Objects.OptionObject2015,System.String,System.Collections.Generic.Dictionary{System.String,System.String})] Missing &lt;summary&gt; documentation
SHFB: Warning BE0066: ShowMissingComponent: [M:TingenWebService.Core.TngnWsvcSession.WsvcSession.Load(ScriptLinkStandard.Objects.OptionObject2015,System.String,System.Collections.Generic.Dictionary{System.String,System.String})] Missing &lt;returns&gt; documentation
SHFB: Warning BE0066: ShowMissingComponent: [M:TingenWebService.Core.TngnWsvcSession.WsvcSession.Load(ScriptLinkStandard.Objects.OptionObject2015,System.String,System.Collections.Generic.Dictionary{System.String,System.String})] Missing &lt;param name=&quot;origOptObj&quot;/&gt; documentation
SHFB: Warning BE0066: ShowMissingComponent: [M:TingenWebService.Core.TngnWsvcSession.WsvcSession.Load(ScriptLinkStandard.Objects.OptionObject2015,System.String,System.Collections.Generic.Dictionary{System.String,System.String})] Missing &lt;param name=&quot;origScriptParam&quot;/&gt; documentation
SHFB: Warning BE0066: ShowMissingComponent: [M:TingenWebService.Core.TngnWsvcSession.WsvcSession.Load(ScriptLinkStandard.Objects.OptionObject2015,System.String,System.Collections.Generic.Dictionary{System.String,System.String})] Missing &lt;param name=&quot;runtimeConfig&quot;/&gt; documentation
SHFB: Warning BE0066: ResolveReferenceLinksComponent: [M:TingenWebService.Core.TngnWsvcSession.WsvcSession.Load(ScriptLinkStandard.Objects.OptionObject2015,System.String,System.Collections.Generic.Dictionary{System.String,System.String})] Unknown reference link target &#39;T:ScriptLinkStandard.Objects.OptionObject2015&#39;.
SHFB: Warning BE0066: ShowMissingComponent: [P:TingenWebService.Core.TngnWsvcSession.WsvcSession.LogSetting] Missing &lt;summary&gt; documentation
SHFB: Warning BE0066: ShowMissingComponent: [P:TingenWebService.Core.TngnWsvcSession.WsvcSession.OptObj] Missing &lt;summary&gt; documentation
SHFB: Warning BE0066: ShowMissingComponent: [P:TingenWebService.Core.TngnWsvcSession.WsvcSession.ScriptParameter] Missing &lt;summary&gt; documentation
SHFB: Warning BE0066: ShowMissingComponent: [M:TingenWebService.Core.TngnWsvcSession.WsvcSession.Start(ScriptLinkStandard.Objects.OptionObject2015,System.String,System.Collections.Generic.Dictionary{System.String,System.String})] Missing &lt;summary&gt; documentation
SHFB: Warning BE0066: ShowMissingComponent: [M:TingenWebService.Core.TngnWsvcSession.WsvcSession.Start(ScriptLinkStandard.Objects.OptionObject2015,System.String,System.Collections.Generic.Dictionary{System.String,System.String})] Missing &lt;returns&gt; documentation
SHFB: Warning BE0066: ShowMissingComponent: [M:TingenWebService.Core.TngnWsvcSession.WsvcSession.Start(ScriptLinkStandard.Objects.OptionObject2015,System.String,System.Collections.Generic.Dictionary{System.String,System.String})] Missing &lt;param name=&quot;origOptObj&quot;/&gt; documentation
SHFB: Warning BE0066: ShowMissingComponent: [M:TingenWebService.Core.TngnWsvcSession.WsvcSession.Start(ScriptLinkStandard.Objects.OptionObject2015,System.String,System.Collections.Generic.Dictionary{System.String,System.String})] Missing &lt;param name=&quot;origScriptParam&quot;/&gt; documentation
SHFB: Warning BE0066: ShowMissingComponent: [M:TingenWebService.Core.TngnWsvcSession.WsvcSession.Start(ScriptLinkStandard.Objects.OptionObject2015,System.String,System.Collections.Generic.Dictionary{System.String,System.String})] Missing &lt;param name=&quot;runtimeConfig&quot;/&gt; documentation
SHFB: Warning BE0066: ResolveReferenceLinksComponent: [M:TingenWebService.Core.TngnWsvcSession.WsvcSession.Start(ScriptLinkStandard.Objects.OptionObject2015,System.String,System.Collections.Generic.Dictionary{System.String,System.String})] Unknown reference link target &#39;T:ScriptLinkStandard.Objects.OptionObject2015&#39;.
SHFB: Warning BE0066: ShowMissingComponent: [T:TingenWebService.Core.TngnWsvcSession.WsvcSessionError] Missing &lt;summary&gt; documentation
SHFB: Warning BE0066: ShowMissingComponent: [M:TingenWebService.Core.TngnWsvcSession.WsvcSessionError.HardError(TingenWebService.Core.TngnWsvcSession.WsvcSession,System.Int32,System.String)] Missing &lt;summary&gt; documentation
SHFB: Warning BE0066: ShowMissingComponent: [M:TingenWebService.Core.TngnWsvcSession.WsvcSessionError.HardError(TingenWebService.Core.TngnWsvcSession.WsvcSession,System.Int32,System.String)] Missing &lt;param name=&quot;wsvcSession&quot;/&gt; documentation
SHFB: Warning BE0066: ShowMissingComponent: [M:TingenWebService.Core.TngnWsvcSession.WsvcSessionError.HardError(TingenWebService.Core.TngnWsvcSession.WsvcSession,System.Int32,System.String)] Missing &lt;param name=&quot;errCode&quot;/&gt; documentation
SHFB: Warning BE0066: ShowMissingComponent: [M:TingenWebService.Core.TngnWsvcSession.WsvcSessionError.HardError(TingenWebService.Core.TngnWsvcSession.WsvcSession,System.Int32,System.String)] Missing &lt;param name=&quot;errMsg&quot;/&gt; documentation
SHFB: Warning BE0066: ShowMissingComponent: [N:TingenWebService.Core.Translation] Missing &lt;summary&gt; documentation
SHFB: Warning BE0066: ShowMissingComponent: [M:TingenWebService.Core.Translation.UserId.CreateTranslationFile(System.String,System.String,System.Int32,System.String)] Missing &lt;param name=&quot;traceLogLimit&quot;/&gt; documentation
SHFB: Warning BE0066: ShowMissingComponent: [M:TingenWebService.Core.Translation.UserId.CreateTranslationFile(System.String,System.String,System.Int32,System.String)] Missing &lt;param name=&quot;currentSessionFolder&quot;/&gt; documentation
SHFB: Warning BE0066: ShowMissingComponent: [M:TingenWebService.Core.Translation.UserId.GetUserDescription(System.String,System.Int32,System.String,System.String)] Missing &lt;param name=&quot;traceLogLimit&quot;/&gt; documentation
SHFB: Warning BE0066: ShowMissingComponent: [M:TingenWebService.Core.Translation.UserId.GetUserDescription(System.String,System.Int32,System.String,System.String)] Missing &lt;param name=&quot;currentSessionFolder&quot;/&gt; documentation
SHFB: Warning BE0066: ShowMissingComponent: [M:TingenWebService.Core.Translation.UserId.GetUserDescription(System.String,System.Int32,System.String,System.String)] Missing &lt;param name=&quot;translationPath&quot;/&gt; documentation
SHFB: Warning BE0066: ShowMissingComponent: [N:TingenWebService.Maintenance] Missing &lt;summary&gt; documentation
SHFB: Warning BE0066: ShowMissingComponent: [T:TingenWebService.Maintenance.DailyMaintenance] Missing &lt;summary&gt; documentation
SHFB: Warning BE0066: ShowMissingComponent: [M:TingenWebService.Maintenance.DailyMaintenance.CreateDailyLog(System.String,System.String,System.Int32,System.String)] Missing &lt;summary&gt; documentation
SHFB: Warning BE0066: ShowMissingComponent: [M:TingenWebService.Maintenance.DailyMaintenance.CreateDailyLog(System.String,System.String,System.Int32,System.String)] Missing &lt;param name=&quot;dailyLogPath&quot;/&gt; documentation
SHFB: Warning BE0066: ShowMissingComponent: [M:TingenWebService.Maintenance.DailyMaintenance.CreateDailyLog(System.String,System.String,System.Int32,System.String)] Missing &lt;param name=&quot;currentDate&quot;/&gt; documentation
SHFB: Warning BE0066: ShowMissingComponent: [M:TingenWebService.Maintenance.DailyMaintenance.CreateDailyLog(System.String,System.String,System.Int32,System.String)] Missing &lt;param name=&quot;traceLogLimit&quot;/&gt; documentation
SHFB: Warning BE0066: ShowMissingComponent: [M:TingenWebService.Maintenance.DailyMaintenance.CreateDailyLog(System.String,System.String,System.Int32,System.String)] Missing &lt;param name=&quot;currentSessionFolder&quot;/&gt; documentation
SHFB: Warning BE0066: ShowMissingComponent: [M:TingenWebService.Maintenance.DailyMaintenance.CreateDailyLogPath(System.String,System.Int32,System.String)] Missing &lt;summary&gt; documentation
SHFB: Warning BE0066: ShowMissingComponent: [M:TingenWebService.Maintenance.DailyMaintenance.CreateDailyLogPath(System.String,System.Int32,System.String)] Missing &lt;param name=&quot;dailyLogPath&quot;/&gt; documentation
SHFB: Warning BE0066: ShowMissingComponent: [M:TingenWebService.Maintenance.DailyMaintenance.CreateDailyLogPath(System.String,System.Int32,System.String)] Missing &lt;param name=&quot;traceLogLimit&quot;/&gt; documentation
SHFB: Warning BE0066: ShowMissingComponent: [M:TingenWebService.Maintenance.DailyMaintenance.CreateDailyLogPath(System.String,System.Int32,System.String)] Missing &lt;param name=&quot;currentSessionFolder&quot;/&gt; documentation
SHFB: Warning BE0066: ShowMissingComponent: [M:TingenWebService.Maintenance.DailyMaintenance.DailyLogPathExists(System.String)] Missing &lt;summary&gt; documentation
SHFB: Warning BE0066: ShowMissingComponent: [M:TingenWebService.Maintenance.DailyMaintenance.DailyLogPathExists(System.String)] Missing &lt;returns&gt; documentation
SHFB: Warning BE0066: ShowMissingComponent: [M:TingenWebService.Maintenance.DailyMaintenance.DailyLogPathExists(System.String)] Missing &lt;param name=&quot;dailyLogPath&quot;/&gt; documentation
SHFB: Warning BE0066: ShowMissingComponent: [M:TingenWebService.Maintenance.DailyMaintenance.RefreshTranslationTables(System.String,System.String,System.Int32,System.String)] Missing &lt;summary&gt; documentation
SHFB: Warning BE0066: ShowMissingComponent: [M:TingenWebService.Maintenance.DailyMaintenance.RefreshTranslationTables(System.String,System.String,System.Int32,System.String)] Missing &lt;param name=&quot;generatedDataPath&quot;/&gt; documentation
SHFB: Warning BE0066: ShowMissingComponent: [M:TingenWebService.Maintenance.DailyMaintenance.RefreshTranslationTables(System.String,System.String,System.Int32,System.String)] Missing &lt;param name=&quot;translationPath&quot;/&gt; documentation
SHFB: Warning BE0066: ShowMissingComponent: [M:TingenWebService.Maintenance.DailyMaintenance.RefreshTranslationTables(System.String,System.String,System.Int32,System.String)] Missing &lt;param name=&quot;traceLogLimit&quot;/&gt; documentation
SHFB: Warning BE0066: ShowMissingComponent: [M:TingenWebService.Maintenance.DailyMaintenance.RefreshTranslationTables(System.String,System.String,System.Int32,System.String)] Missing &lt;param name=&quot;currentSessionFolder&quot;/&gt; documentation
SHFB: Warning BE0066: ShowMissingComponent: [M:TingenWebService.Maintenance.DailyMaintenance.Updater(TingenWebService.Core.TngnWsvcSession.WsvcSession)] Missing &lt;summary&gt; documentation
SHFB: Warning BE0066: ShowMissingComponent: [M:TingenWebService.Maintenance.DailyMaintenance.Updater(TingenWebService.Core.TngnWsvcSession.WsvcSession)] Missing &lt;param name=&quot;wsvcSession&quot;/&gt; documentation
SHFB: Warning BE0066: ShowMissingComponent: [N:TingenWebService.Module] Missing &lt;summary&gt; documentation
SHFB: Warning BE0066: ShowMissingComponent: [M:TingenWebService.Module.TngnWsvc.CopyDirectory(System.String,System.String)] Missing &lt;summary&gt; documentation
SHFB: Warning BE0066: ShowMissingComponent: [M:TingenWebService.Module.TngnWsvc.CopyDirectory(System.String,System.String)] Missing &lt;param name=&quot;source&quot;/&gt; documentation
SHFB: Warning BE0066: ShowMissingComponent: [M:TingenWebService.Module.TngnWsvc.CopyDirectory(System.String,System.String)] Missing &lt;param name=&quot;target&quot;/&gt; documentation
SHFB: Warning BE0066: ShowMissingComponent: [M:TingenWebService.Module.TngnWsvc.Deploy(TingenWebService.Core.TngnWsvcSession.WsvcSession)] Missing &lt;param name=&quot;wsvcSession&quot;/&gt; documentation
SHFB: Warning BE0066: ShowMissingComponent: [M:TingenWebService.Module.TngnWsvc.GenerateAppLogs(TingenWebService.Core.Framework.Folders,System.Int32)] Missing &lt;param name=&quot;folder&quot;/&gt; documentation
SHFB: Warning BE0066: ShowMissingComponent: [M:TingenWebService.Module.TngnWsvc.GenerateAppLogs(TingenWebService.Core.Framework.Folders,System.Int32)] Missing &lt;param name=&quot;traceLogLimit&quot;/&gt; documentation
SHFB: Warning BE0066: ShowMissingComponent: [M:TingenWebService.Module.TngnWsvc.RefreshAppData(System.String,System.String,System.String)] Missing &lt;param name=&quot;baseWww&quot;/&gt; documentation
SHFB: Warning BE0066: ShowMissingComponent: [M:TingenWebService.Module.TngnWsvc.RefreshAppData(System.String,System.String,System.String)] Missing &lt;param name=&quot;baseData&quot;/&gt; documentation
SHFB: Warning BE0066: ShowMissingComponent: [M:TingenWebService.Module.TngnWsvc.RefreshAppData(System.String,System.String,System.String)] Missing &lt;param name=&quot;currentFolder&quot;/&gt; documentation
SHFB: Warning BE0066: ShowMissingComponent: [M:TingenWebService.Module.TngnWsvc.RefreshData(TingenWebService.Core.Framework.Folders,System.Int32)] Missing &lt;summary&gt; documentation
SHFB: Warning BE0066: ShowMissingComponent: [M:TingenWebService.Module.TngnWsvc.RefreshData(TingenWebService.Core.Framework.Folders,System.Int32)] Missing &lt;param name=&quot;folder&quot;/&gt; documentation
SHFB: Warning BE0066: ShowMissingComponent: [M:TingenWebService.Module.TngnWsvc.RefreshData(TingenWebService.Core.Framework.Folders,System.Int32)] Missing &lt;param name=&quot;traceLogLimit&quot;/&gt; documentation
SHFB: Warning BE0066: ShowMissingComponent: [M:TingenWebService.Module.TngnWsvc.Test(TingenWebService.Core.Framework.Folders,System.Int32)] Missing &lt;param name=&quot;folder&quot;/&gt; documentation
SHFB: Warning BE0066: ShowMissingComponent: [M:TingenWebService.Module.TngnWsvc.Test(TingenWebService.Core.Framework.Folders,System.Int32)] Missing &lt;param name=&quot;traceLogLimit&quot;/&gt; documentation
SHFB: Warning BE0066: ShowMissingComponent: [N:TingenWebService.Module.OpenIncident] Missing &lt;summary&gt; documentation
SHFB: Warning BE0066: ShowMissingComponent: [T:TingenWebService.Module.OpenIncident.OpenIncidentRequest] Missing &lt;summary&gt; documentation
SHFB: Warning BE0066: ShowMissingComponent: [M:TingenWebService.Module.OpenIncident.OpenIncidentRequest.IsOriginalAuthorOpening(TingenWebService.Core.TngnWsvcSession.WsvcSession,TingenWebService.Module.OpenIncident.OpenIncidentConfig)] Missing &lt;param name=&quot;openIncidentConfig&quot;/&gt; documentation
SHFB: Warning BE0066: ResolveReferenceLinksComponent: [M:TingenWebService.Module.OpenIncident.OpenIncidentRequest.IsOriginalAuthorOpening(TingenWebService.Core.TngnWsvcSession.WsvcSession,TingenWebService.Module.OpenIncident.OpenIncidentConfig)] Unknown reference link target &#39;!:Outpost31.Core.TngnWsvcSession&#39;.
SHFB: Warning BE0066: ResolveReferenceLinksComponent: [M:TingenWebService.Module.OpenIncident.OpenIncidentRequest.IsOriginalAuthorOpening(TingenWebService.Core.TngnWsvcSession.WsvcSession,TingenWebService.Module.OpenIncident.OpenIncidentConfig)] Invalid reference link target &#39;!:Outpost31.Core.TngnWsvcSession&#39;.
SHFB: Warning BE0066: ShowMissingComponent: [M:TingenWebService.Module.OpenIncident.OpenIncidentRequest.IsOriginalAuthorSubmitting(TingenWebService.Core.TngnWsvcSession.WsvcSession,TingenWebService.Module.OpenIncident.OpenIncidentConfig)] Missing &lt;summary&gt; documentation
SHFB: Warning BE0066: ShowMissingComponent: [M:TingenWebService.Module.OpenIncident.OpenIncidentRequest.IsOriginalAuthorSubmitting(TingenWebService.Core.TngnWsvcSession.WsvcSession,TingenWebService.Module.OpenIncident.OpenIncidentConfig)] Missing &lt;param name=&quot;wsvcSession&quot;/&gt; documentation
SHFB: Warning BE0066: ShowMissingComponent: [M:TingenWebService.Module.OpenIncident.OpenIncidentRequest.IsOriginalAuthorSubmitting(TingenWebService.Core.TngnWsvcSession.WsvcSession,TingenWebService.Module.OpenIncident.OpenIncidentConfig)] Missing &lt;param name=&quot;openIncidentConfig&quot;/&gt; documentation
SHFB: Warning BE0066: ShowMissingComponent: [M:TingenWebService.Module.OpenIncident.OpenIncidentRequest.Parse(TingenWebService.Core.TngnWsvcSession.WsvcSession)] Missing &lt;summary&gt; documentation
SHFB: Warning BE0066: ShowMissingComponent: [M:TingenWebService.Module.OpenIncident.OpenIncidentRequest.Parse(TingenWebService.Core.TngnWsvcSession.WsvcSession)] Missing &lt;param name=&quot;wsvcSession&quot;/&gt; documentation
Processed 233 topic(s)
212 warning(s)
CopyFromIndexComponent: &quot;metadata&quot; in-memory cache entries used: 1 of 15.
ResolveArtLinksComponent: Copying media files...
CopyFromIndexComponent: &quot;reflection&quot; in-memory cache entries used: 3 of 15.
CopyFromIndexComponent: &quot;comments&quot; in-memory cache entries used: 4 of 30.
<plugIn name="Website Table of Contents Generator" behavior="After" priority="1000">
Generating TOC fragment files
</plugIn>    Last step completed in 00:00:06.1703
</buildStep>
<buildStep step="CopyStandardHelpContent">
Copying standard help content...
C:\Program Files (x86)\EWSoftware\Sandcastle Help File Builder\Components\Default2022\css\bulma.css -&gt; C:\IT\csb\dev\github\spectrum\tingen-documentation\docs\api\shfb-tingen-web-service\Working\Output\Website\css\bulma.css
C:\Program Files (x86)\EWSoftware\Sandcastle Help File Builder\Components\Default2022\css\bulma.css.map -&gt; C:\IT\csb\dev\github\spectrum\tingen-documentation\docs\api\shfb-tingen-web-service\Working\Output\Website\css\bulma.css.map
C:\Program Files (x86)\EWSoftware\Sandcastle Help File Builder\Components\Default2022\css\bulma.min.css -&gt; C:\IT\csb\dev\github\spectrum\tingen-documentation\docs\api\shfb-tingen-web-service\Working\Output\Website\css\bulma.min.css
C:\Program Files (x86)\EWSoftware\Sandcastle Help File Builder\Components\Default2022\css\font-awesome.css -&gt; C:\IT\csb\dev\github\spectrum\tingen-documentation\docs\api\shfb-tingen-web-service\Working\Output\Website\css\font-awesome.css
C:\Program Files (x86)\EWSoftware\Sandcastle Help File Builder\Components\Default2022\css\font-awesome.min.css -&gt; C:\IT\csb\dev\github\spectrum\tingen-documentation\docs\api\shfb-tingen-web-service\Working\Output\Website\css\font-awesome.min.css
C:\Program Files (x86)\EWSoftware\Sandcastle Help File Builder\Components\Default2022\css\ja-JP.css -&gt; C:\IT\csb\dev\github\spectrum\tingen-documentation\docs\api\shfb-tingen-web-service\Working\Output\Website\css\ja-JP.css
C:\Program Files (x86)\EWSoftware\Sandcastle Help File Builder\Components\Default2022\css\ko-KR.css -&gt; C:\IT\csb\dev\github\spectrum\tingen-documentation\docs\api\shfb-tingen-web-service\Working\Output\Website\css\ko-KR.css
C:\Program Files (x86)\EWSoftware\Sandcastle Help File Builder\Components\Default2022\css\presentationStyle.css -&gt; C:\IT\csb\dev\github\spectrum\tingen-documentation\docs\api\shfb-tingen-web-service\Working\Output\Website\css\presentationStyle.css
C:\Program Files (x86)\EWSoftware\Sandcastle Help File Builder\Components\Default2022\css\vs.min.css -&gt; C:\IT\csb\dev\github\spectrum\tingen-documentation\docs\api\shfb-tingen-web-service\Working\Output\Website\css\vs.min.css
C:\Program Files (x86)\EWSoftware\Sandcastle Help File Builder\Components\Default2022\css\zh-CN.css -&gt; C:\IT\csb\dev\github\spectrum\tingen-documentation\docs\api\shfb-tingen-web-service\Working\Output\Website\css\zh-CN.css
C:\Program Files (x86)\EWSoftware\Sandcastle Help File Builder\Components\Default2022\css\zh-TW.css -&gt; C:\IT\csb\dev\github\spectrum\tingen-documentation\docs\api\shfb-tingen-web-service\Working\Output\Website\css\zh-TW.css
C:\Program Files (x86)\EWSoftware\Sandcastle Help File Builder\Components\Default2022\icons\favicon.ico -&gt; C:\IT\csb\dev\github\spectrum\tingen-documentation\docs\api\shfb-tingen-web-service\Working\Output\Website\icons\favicon.ico
C:\Program Files (x86)\EWSoftware\Sandcastle Help File Builder\Components\Default2022\scripts\clipboard.min.js -&gt; C:\IT\csb\dev\github\spectrum\tingen-documentation\docs\api\shfb-tingen-web-service\Working\Output\Website\scripts\clipboard.min.js
C:\Program Files (x86)\EWSoftware\Sandcastle Help File Builder\Components\Default2022\scripts\highlight.min.js -&gt; C:\IT\csb\dev\github\spectrum\tingen-documentation\docs\api\shfb-tingen-web-service\Working\Output\Website\scripts\highlight.min.js
C:\Program Files (x86)\EWSoftware\Sandcastle Help File Builder\Components\Default2022\scripts\jquery-3.5.1.min.js -&gt; C:\IT\csb\dev\github\spectrum\tingen-documentation\docs\api\shfb-tingen-web-service\Working\Output\Website\scripts\jquery-3.5.1.min.js
C:\Program Files (x86)\EWSoftware\Sandcastle Help File Builder\Components\Default2022\scripts\presentationStyle.js -&gt; C:\IT\csb\dev\github\spectrum\tingen-documentation\docs\api\shfb-tingen-web-service\Working\Output\Website\scripts\presentationStyle.js
C:\Program Files (x86)\EWSoftware\Sandcastle Help File Builder\Components\Default2022\webfonts\fa-brands-400.ttf -&gt; C:\IT\csb\dev\github\spectrum\tingen-documentation\docs\api\shfb-tingen-web-service\Working\Output\Website\webfonts\fa-brands-400.ttf
C:\Program Files (x86)\EWSoftware\Sandcastle Help File Builder\Components\Default2022\webfonts\fa-brands-400.woff2 -&gt; C:\IT\csb\dev\github\spectrum\tingen-documentation\docs\api\shfb-tingen-web-service\Working\Output\Website\webfonts\fa-brands-400.woff2
C:\Program Files (x86)\EWSoftware\Sandcastle Help File Builder\Components\Default2022\webfonts\fa-regular-400.ttf -&gt; C:\IT\csb\dev\github\spectrum\tingen-documentation\docs\api\shfb-tingen-web-service\Working\Output\Website\webfonts\fa-regular-400.ttf
C:\Program Files (x86)\EWSoftware\Sandcastle Help File Builder\Components\Default2022\webfonts\fa-regular-400.woff2 -&gt; C:\IT\csb\dev\github\spectrum\tingen-documentation\docs\api\shfb-tingen-web-service\Working\Output\Website\webfonts\fa-regular-400.woff2
C:\Program Files (x86)\EWSoftware\Sandcastle Help File Builder\Components\Default2022\webfonts\fa-solid-900.ttf -&gt; C:\IT\csb\dev\github\spectrum\tingen-documentation\docs\api\shfb-tingen-web-service\Working\Output\Website\webfonts\fa-solid-900.ttf
C:\Program Files (x86)\EWSoftware\Sandcastle Help File Builder\Components\Default2022\webfonts\fa-solid-900.woff2 -&gt; C:\IT\csb\dev\github\spectrum\tingen-documentation\docs\api\shfb-tingen-web-service\Working\Output\Website\webfonts\fa-solid-900.woff2
C:\Program Files (x86)\EWSoftware\Sandcastle Help File Builder\Components\Default2022\webfonts\fa-v4compatibility.ttf -&gt; C:\IT\csb\dev\github\spectrum\tingen-documentation\docs\api\shfb-tingen-web-service\Working\Output\Website\webfonts\fa-v4compatibility.ttf
C:\Program Files (x86)\EWSoftware\Sandcastle Help File Builder\Components\Default2022\webfonts\fa-v4compatibility.woff2 -&gt; C:\IT\csb\dev\github\spectrum\tingen-documentation\docs\api\shfb-tingen-web-service\Working\Output\Website\webfonts\fa-v4compatibility.woff2
C:\Program Files (x86)\EWSoftware\Sandcastle Help File Builder\Components\Default2022\RootWebsiteContent\GeneralError.html -&gt; C:\IT\csb\dev\github\spectrum\tingen-documentation\docs\api\shfb-tingen-web-service\Working\Output\Website\GeneralError.html
C:\Program Files (x86)\EWSoftware\Sandcastle Help File Builder\Components\Default2022\RootWebsiteContent\index.html -&gt; C:\IT\csb\dev\github\spectrum\tingen-documentation\docs\api\shfb-tingen-web-service\Working\Output\Website\index.html
C:\Program Files (x86)\EWSoftware\Sandcastle Help File Builder\Components\Default2022\RootWebsiteContent\PageNotFound.html -&gt; C:\IT\csb\dev\github\spectrum\tingen-documentation\docs\api\shfb-tingen-web-service\Working\Output\Website\PageNotFound.html
C:\Program Files (x86)\EWSoftware\Sandcastle Help File Builder\Components\Default2022\RootWebsiteContent\search.html -&gt; C:\IT\csb\dev\github\spectrum\tingen-documentation\docs\api\shfb-tingen-web-service\Working\Output\Website\search.html
C:\Program Files (x86)\EWSoftware\Sandcastle Help File Builder\Components\Default2022\RootWebsiteContent\SearchHelp.aspx -&gt; C:\IT\csb\dev\github\spectrum\tingen-documentation\docs\api\shfb-tingen-web-service\Working\Output\Website\SearchHelp.aspx
C:\Program Files (x86)\EWSoftware\Sandcastle Help File Builder\Components\Default2022\RootWebsiteContent\SearchHelp.inc.php -&gt; C:\IT\csb\dev\github\spectrum\tingen-documentation\docs\api\shfb-tingen-web-service\Working\Output\Website\SearchHelp.inc.php
C:\Program Files (x86)\EWSoftware\Sandcastle Help File Builder\Components\Default2022\RootWebsiteContent\SearchHelp.php -&gt; C:\IT\csb\dev\github\spectrum\tingen-documentation\docs\api\shfb-tingen-web-service\Working\Output\Website\SearchHelp.php
C:\Program Files (x86)\EWSoftware\Sandcastle Help File Builder\Components\Default2022\RootWebsiteContent\Web.Config -&gt; C:\IT\csb\dev\github\spectrum\tingen-documentation\docs\api\shfb-tingen-web-service\Working\Output\Website\Web.Config
    Last step completed in 00:00:00.1796
</buildStep>
<buildStep step="GenerateFullTextIndex">
Generating full-text index for the website...

    Last step completed in 00:00:00.1781
</buildStep>
<buildStep step="CopyingWebsiteFiles">
Copying website files to output folder...

Copied 379 files for the website content
    Last step completed in 00:00:00.4975
</buildStep>
<buildStep step="CleanIntermediates">
Removing intermediate files...
    Last step completed in 00:00:00.1154
</buildStep>
<buildStep step="Completed">

Build completed successfully at 10/30/2025 9:25:27 AM.  Total time: 00:00:09.5705

</buildStep>
</shfbBuild>
