<?xml version="1.0" encoding="utf-8"?>
<shfbBuild product="Sandcastle Help File Builder and Tools" version="2025.3.22.0" projectFile="C:\Users\Chris.Banwarth\DevEnv\GitHub\spectrum-health-systems\tingen-documentation\sandcastle\shfb-tingen-web-service\shfb-tingen-web-service.shfbproj" started="5/28/2025 1:51:54 PM">
<buildStep step="Initializing">
The Sandcastle tools are located in &#39;C:\Program Files (x86)\EWSoftware\Sandcastle Help File Builder&#39;
Locating components in the following folder(s):
    C:\Users\Chris.Banwarth\DevEnv\GitHub\spectrum-health-systems\tingen-documentation\sandcastle\shfb-tingen-web-service
    C:\ProgramData\EWSoftware\Sandcastle Help File Builder\Components and Plug-Ins
    C:\Program Files (x86)\EWSoftware\Sandcastle Help File Builder\Components
Using framework reflection data for &#39;.NET Framework 4.8&#39; located in &#39;C:\Program Files (x86)\EWSoftware\Sandcastle Help File Builder\Data\.NETFramework&#39;
Using presentation style &#39;Markdown&#39; located in &#39;C:\Program Files (x86)\EWSoftware\Sandcastle Help File Builder\Components\Markdown&#39;
-------------------------------
Clearing any prior web/markdown output...
</buildStep>
<buildStep step="ValidatingDocumentationSources">
Validating and copying documentation source information
Source: C:\Users\Chris.Banwarth\DevEnv\GitHub\spectrum-health-systems\tingen-web-service\src\TingenWebService.csproj
    Found project &#39;C:\Users\Chris.Banwarth\DevEnv\GitHub\spectrum-health-systems\tingen-web-service\src\TingenWebService.csproj&#39;

Parsing project files
    Found assembly &#39;C:\Users\Chris.Banwarth\DevEnv\GitHub\spectrum-health-systems\tingen-web-service\src\bin\TingenWebService.dll&#39; (.NETFramework 4.8)

References to include:
    Microsoft.CodeDom.Providers.DotNetCompilerPlatform, Version=4.1.0.0, Culture=neutral, PublicKeyToken=31bf3856ad364e35, processorArchitecture=MSIL

Copying XML comments files
    C:\Users\Chris.Banwarth\DevEnv\GitHub\spectrum-health-systems\tingen-web-service\src\bin\generated.xml -&gt; C:\Users\Chris.Banwarth\DevEnv\GitHub\spectrum-health-systems\tingen-documentation\docs\API\Tingen-Web-Service\Working\generated.xml
</buildStep>
<buildStep step="GenerateSharedContent">
Generating shared content files (en-US, English (United States))...
    Last step completed in 00:00:00.0019
</buildStep>
<buildStep step="GenerateApiFilter">
Generating API filter for MRefBuilder...
    Last step completed in 00:00:00.0010
</buildStep>
<buildStep step="GenerateReflectionInfo">
Generating reflection information...
[C:\Program Files\Microsoft Visual Studio\2022\Community\MSBuild\Current\Bin\amd64\MSBuild.exe - GenerateRefInfo-67b0ee01-4ba6-4347-b6ab-f0d1d77f780c.proj]
Build started 5/28/2025 1:51:54 PM.

Project &quot;C:\Users\Chris.Banwarth\DevEnv\GitHub\spectrum-health-systems\tingen-documentation\docs\API\Tingen-Web-Service\Working\GenerateRefInfo-67b0ee01-4ba6-4347-b6ab-f0d1d77f780c.proj&quot; on node 1 (default targets).
PrepareForBuild:
  Creating directory &quot;obj\Debug\&quot;.
GenerateRefInfo:
  Microsoft.Build (v17.14.8+a7a4d5af02be5aa6dc93a492d6d03056dc811388)
  c Microsoft Corporation. All rights reserved.
  No source code context base path specified.  Source context information is unavailable.
  Loaded 1 assemblies for reflection and 2 dependency assemblies.
  Using framework redirect &#39;System.Web.Services, Version=4.0.0.0, Culture=neutral, PublicKeyToken=b03f5f7f11d50a3a&#39; in place of &#39;System.Web.Services, Version=4.0.0.0, Culture=neutral, PublicKeyToken=b03f5f7f11d50a3a&#39;
  Using framework redirect &#39;System, Version=4.0.0.0, Culture=neutral, PublicKeyToken=b77a5c561934e089&#39; in place of &#39;System, Version=4.0.0.0, Culture=neutral, PublicKeyToken=b77a5c561934e089&#39;
  Using framework redirect &#39;System.EnterpriseServices, Version=4.0.0.0, Culture=neutral, PublicKeyToken=b03f5f7f11d50a3a&#39; in place of &#39;System.EnterpriseServices, Version=4.0.0.0, Culture=neutral, PublicKeyToken=b03f5f7f11d50a3a&#39;
  Using framework redirect &#39;System.Web, Version=4.0.0.0, Culture=neutral, PublicKeyToken=b03f5f7f11d50a3a&#39; in place of &#39;System.Web, Version=4.0.0.0, Culture=neutral, PublicKeyToken=b03f5f7f11d50a3a&#39;
  Wrote information on 1 namespaces, 1 types, and 7 members
  Merging duplicate type and member information
  Merged 0 duplicate type(s) and 0 duplicate member(s)
Done Building Project &quot;C:\Users\Chris.Banwarth\DevEnv\GitHub\spectrum-health-systems\tingen-documentation\docs\API\Tingen-Web-Service\Working\GenerateRefInfo-67b0ee01-4ba6-4347-b6ab-f0d1d77f780c.proj&quot; (default targets).
    Last step completed in 00:00:00.8673
</buildStep>
<buildStep step="ApplyDocumentModel">
Applying document model to reflection output...
    Last step completed in 00:00:00.0043
</buildStep>
<buildStep step="AddApiTopicFilenames">
Adding topic filenames to API members...
    Last step completed in 00:00:00.0043
</buildStep>
<buildStep step="GenerateApiTopicManifest">
Generating API topic manifest...
    Last step completed in 00:00:00.0020
</buildStep>
<buildStep step="GenerateNamespaceSummaries">
Generating namespace summary information...
    Last step completed in 00:00:00.0060
</buildStep>
<buildStep step="CopyConceptualContent">
Copying conceptual content...
Checking for token files...
Checking for code snippets files...
Copying images and creating the media map file...
Generating conceptual topic files
    Parsing topic file &#39;C:\Users\Chris.Banwarth\DevEnv\GitHub\spectrum-health-systems\tingen-documentation\sandcastle\shfb-tingen-web-service\Content\Welcome.aml&#39;
    C:\Users\Chris.Banwarth\DevEnv\GitHub\spectrum-health-systems\tingen-documentation\sandcastle\shfb-tingen-web-service\Content\Welcome.aml -&gt; C:\Users\Chris.Banwarth\DevEnv\GitHub\spectrum-health-systems\tingen-documentation\docs\API\Tingen-Web-Service\Working\ddueXml\82a31265-4fa5-4761-b2aa-a7ff62431767.xml
    Parsing topic file &#39;C:\Users\Chris.Banwarth\DevEnv\GitHub\spectrum-health-systems\tingen-documentation\sandcastle\shfb-tingen-web-service\Content\VersionHistory\VersionHistory.aml&#39;
    C:\Users\Chris.Banwarth\DevEnv\GitHub\spectrum-health-systems\tingen-documentation\sandcastle\shfb-tingen-web-service\Content\VersionHistory\VersionHistory.aml -&gt; C:\Users\Chris.Banwarth\DevEnv\GitHub\spectrum-health-systems\tingen-documentation\docs\API\Tingen-Web-Service\Working\ddueXml\0a9c8bf9-301e-4569-8bdd-da9f0a9ee4cc.xml
    Parsing topic file &#39;C:\Users\Chris.Banwarth\DevEnv\GitHub\spectrum-health-systems\tingen-documentation\sandcastle\shfb-tingen-web-service\Content\VersionHistory\v1.0.0.0.aml&#39;
    C:\Users\Chris.Banwarth\DevEnv\GitHub\spectrum-health-systems\tingen-documentation\sandcastle\shfb-tingen-web-service\Content\VersionHistory\v1.0.0.0.aml -&gt; C:\Users\Chris.Banwarth\DevEnv\GitHub\spectrum-health-systems\tingen-documentation\docs\API\Tingen-Web-Service\Working\ddueXml\18f41eb4-5ae1-4b25-9b50-798d19fa8f97.xml
    Last step completed in 00:00:00.0247
</buildStep>
<buildStep step="CreateConceptualTopicConfigs">
Creating conceptual topic configuration files...
    Companion files
    _ContentMetadata_.xml
    Merging topic IDs into reference topic manifest file
    Last step completed in 00:00:00.0128
</buildStep>
<buildStep step="CopyAdditionalContent">
Copying additional content files...
C:\Users\Chris.Banwarth\DevEnv\GitHub\spectrum-health-systems\tingen-documentation\sandcastle\shfb-tingen-web-service\icons\Help.png -&gt; C:\Users\Chris.Banwarth\DevEnv\GitHub\spectrum-health-systems\tingen-documentation\docs\API\Tingen-Web-Service\Working\Output\Markdown\icons\Help.png
    Last step completed in 00:00:00.0032
</buildStep>
<buildStep step="MergeTablesOfContents">
Merging conceptual and additional tables of contents...
    Last step completed in 00:00:00.0046
</buildStep>
<buildStep step="GenerateIntermediateTableOfContents">
Generating intermediate table of contents file for API content...
Generating conceptual content intermediate TOC file...
    Last step completed in 00:00:00.0031
</buildStep>
<buildStep step="CreateBuildAssemblerConfigs">
Creating Sandcastle configuration files...
    Last step completed in 00:00:00.1288
</buildStep>
<buildStep step="CombiningIntermediateTocFiles">
Combining conceptual and API intermediate TOC files...
    Last step completed in 00:00:00.0000
</buildStep>
<buildStep step="MergeCustomConfigs">
Merging custom build component configurations
C:\Users\Chris.Banwarth\DevEnv\GitHub\spectrum-health-systems\tingen-documentation\docs\API\Tingen-Web-Service\Working\BuildAssembler.config
  Updating reference topic configurations.
  Updating conceptual topic configurations.
    Removing unused ExampleComponent.
    Last step completed in 00:00:00.0073
</buildStep>
<buildStep step="BuildTopics">
Building help topics...
Loading configuration...
Processing topics...
SHFB: Warning BE0066: ShowMissingComponent: [N:TingenWebService] Missing &lt;summary&gt; documentation
SHFB: Warning BE0066: ResolveReferenceLinksComponent: [M:TingenWebService.TingenWebService.GetVersion] Unknown reference link target &#39;!:wbsvVersion&#39;.
SHFB: Warning BE0066: ResolveReferenceLinksComponent: [M:TingenWebService.TingenWebService.RunScript(ScriptLinkStandard.Objects.OptionObject2015,System.String)] Unknown reference link target &#39;T:ScriptLinkStandard.Objects.OptionObject2015&#39;.
SHFB: Warning BE0066: ResolveReferenceLinksComponent: [M:TingenWebService.TingenWebService.RunScript(ScriptLinkStandard.Objects.OptionObject2015,System.String)] Unknown reference link target &#39;T:ScriptLinkStandard.Objects.OptionObject2015&#39;.
SHFB: Warning BE0066: ResolveReferenceLinksComponent: [M:TingenWebService.TingenWebService.RunScript(ScriptLinkStandard.Objects.OptionObject2015,System.String)] Unknown reference link target &#39;T:ScriptLinkStandard.Objects.OptionObject2015&#39;.
SHFB: Warning BE0066: ResolveReferenceLinksComponent: [M:TingenWebService.TingenWebService.RunScript(ScriptLinkStandard.Objects.OptionObject2015,System.String)] Unknown reference link target &#39;T:ScriptLinkStandard.Objects.OptionObject2015&#39;.
Processed 15 topic(s)
6 warning(s)
CopyFromIndexComponent: &quot;metadata&quot; in-memory cache entries used: 1 of 15.
ResolveArtLinksComponent: Copying media files...
CopyFromIndexComponent: &quot;reflection&quot; in-memory cache entries used: 2 of 15.
CopyFromIndexComponent: &quot;comments&quot; in-memory cache entries used: 4 of 30.
    Last step completed in 00:00:04.2562
</buildStep>
<buildStep step="CopyStandardHelpContent">
Copying standard help content...
C:\Program Files (x86)\EWSoftware\Sandcastle Help File Builder\Components\Markdown\media\AlertCaution.png -&gt; C:\Users\Chris.Banwarth\DevEnv\GitHub\spectrum-health-systems\tingen-documentation\docs\API\Tingen-Web-Service\Working\Output\Markdown\media\AlertCaution.png
C:\Program Files (x86)\EWSoftware\Sandcastle Help File Builder\Components\Markdown\media\AlertLanguage.png -&gt; C:\Users\Chris.Banwarth\DevEnv\GitHub\spectrum-health-systems\tingen-documentation\docs\API\Tingen-Web-Service\Working\Output\Markdown\media\AlertLanguage.png
C:\Program Files (x86)\EWSoftware\Sandcastle Help File Builder\Components\Markdown\media\AlertNote.png -&gt; C:\Users\Chris.Banwarth\DevEnv\GitHub\spectrum-health-systems\tingen-documentation\docs\API\Tingen-Web-Service\Working\Output\Markdown\media\AlertNote.png
C:\Program Files (x86)\EWSoftware\Sandcastle Help File Builder\Components\Markdown\media\AlertSecurity.png -&gt; C:\Users\Chris.Banwarth\DevEnv\GitHub\spectrum-health-systems\tingen-documentation\docs\API\Tingen-Web-Service\Working\Output\Markdown\media\AlertSecurity.png
C:\Program Files (x86)\EWSoftware\Sandcastle Help File Builder\Components\Markdown\media\AlertToDo.png -&gt; C:\Users\Chris.Banwarth\DevEnv\GitHub\spectrum-health-systems\tingen-documentation\docs\API\Tingen-Web-Service\Working\Output\Markdown\media\AlertToDo.png
C:\Program Files (x86)\EWSoftware\Sandcastle Help File Builder\Components\Markdown\MarkdownContent\_Footer.md -&gt; C:\Users\Chris.Banwarth\DevEnv\GitHub\spectrum-health-systems\tingen-documentation\docs\API\Tingen-Web-Service\Working\Output\Markdown\_Footer.md
    Last step completed in 00:00:00.0166
</buildStep>
<buildStep step="GenerateHelpProject">
Executing informational Generate Help Project build step for plug-ins (not used for Markdown)
    Last step completed in 00:00:00.0000
</buildStep>
<buildStep step="CompilingHelpFile">
Generating markdown content...
Finished generating 15 topics
Copying content to output folder...
Finished copying 24 files
    Last step completed in 00:00:00.0499
</buildStep>
<buildStep step="CleanIntermediates">
Removing intermediate files...
    Last step completed in 00:00:00.0122
</buildStep>
<buildStep step="Completed">

Build completed successfully at 5/28/2025 1:51:59 PM.  Total time: 00:00:05.8898

</buildStep>
</shfbBuild>
