<?xml version="1.0" encoding="utf-8"?>
<shfbBuild product="Sandcastle Help File Builder and Tools" version="2025.3.22.0" projectFile="C:\IT\csb\dev\github\spectrum\tingen-documentation-project\sfhb\shfb-outpost31\shfb-outpost31.shfbproj" started="8/28/2025 11:44:53 AM">
<buildStep step="Initializing">
The Sandcastle tools are located in &#39;C:\Program Files (x86)\EWSoftware\Sandcastle Help File Builder&#39;
Locating components in the following folder(s):
    C:\IT\csb\dev\github\spectrum\tingen-documentation-project\sfhb\shfb-outpost31
    C:\ProgramData\EWSoftware\Sandcastle Help File Builder\Components and Plug-Ins
    C:\Program Files (x86)\EWSoftware\Sandcastle Help File Builder\Components
Using framework reflection data for &#39;.NET Framework 4.8&#39; located in &#39;C:\Program Files (x86)\EWSoftware\Sandcastle Help File Builder\Data\.NETFramework&#39;
Using presentation style &#39;Default2022&#39; located in &#39;C:\Program Files (x86)\EWSoftware\Sandcastle Help File Builder\Components\Default2022&#39;
Loading and initializing plug-ins...
Website Table of Contents Generator Version 2025.3.22.0
Copyright &#169; 2006-2025, Eric Woodruff, All Rights Reserved
-------------------------------
Clearing any prior web/markdown output...
</buildStep>
<buildStep step="ValidatingDocumentationSources">
Validating and copying documentation source information
Source: C:\IT\csb\dev\github\spectrum\outpost31\src\Outpost31.csproj
    Found project &#39;C:\IT\csb\dev\github\spectrum\outpost31\src\Outpost31.csproj&#39;

Parsing project files
    Found assembly &#39;C:\IT\csb\dev\github\spectrum\outpost31\src\bin\Debug\Outpost31.dll&#39; (.NETFramework 4.8)

References to include:
    Microsoft.Bcl.AsyncInterfaces, Version=9.0.0.8, Culture=neutral, PublicKeyToken=cc7b13ffcd2ddd51, processorArchitecture=MSIL
    System.Buffers, Version=4.0.3.0, Culture=neutral, PublicKeyToken=cc7b13ffcd2ddd51, processorArchitecture=MSIL
    System.IO.Pipelines, Version=9.0.0.8, Culture=neutral, PublicKeyToken=cc7b13ffcd2ddd51, processorArchitecture=MSIL
    System.Memory, Version=4.0.1.2, Culture=neutral, PublicKeyToken=cc7b13ffcd2ddd51, processorArchitecture=MSIL
    System.Numerics.Vectors, Version=4.1.4.0, Culture=neutral, PublicKeyToken=b03f5f7f11d50a3a, processorArchitecture=MSIL
    System.Runtime.CompilerServices.Unsafe, Version=6.0.0.0, Culture=neutral, PublicKeyToken=b03f5f7f11d50a3a, processorArchitecture=MSIL
    System.Text.Encodings.Web, Version=9.0.0.8, Culture=neutral, PublicKeyToken=cc7b13ffcd2ddd51, processorArchitecture=MSIL
    System.Text.Json, Version=9.0.0.8, Culture=neutral, PublicKeyToken=cc7b13ffcd2ddd51, processorArchitecture=MSIL
    System.Threading.Tasks.Extensions, Version=4.2.0.1, Culture=neutral, PublicKeyToken=cc7b13ffcd2ddd51, processorArchitecture=MSIL
    System.ValueTuple, Version=4.0.3.0, Culture=neutral, PublicKeyToken=cc7b13ffcd2ddd51, processorArchitecture=MSIL

Copying XML comments files
    C:\IT\csb\dev\github\spectrum\outpost31\src\bin\Debug\outpost31.xml -&gt; C:\IT\csb\dev\github\spectrum\tingen-documentation-project\docs\api\shfb-outpost31\Working\outpost31.xml
</buildStep>
<buildStep step="GenerateSharedContent">
Generating shared content files (en-US, English (United States))...
    Last step completed in 00:00:00.0010
</buildStep>
<buildStep step="GenerateApiFilter">
Generating API filter for MRefBuilder...
    Last step completed in 00:00:00.0000
</buildStep>
<buildStep step="GenerateReflectionInfo">
Generating reflection information...
[C:\Program Files\Microsoft Visual Studio\2022\Community\MSBuild\Current\Bin\amd64\MSBuild.exe - GenerateRefInfo-0796ee10-969c-44ce-941b-e3ce468b8282.proj]
Build started 8/28/2025 11:44:54 AM.

Project &quot;C:\IT\csb\dev\github\spectrum\tingen-documentation-project\docs\api\shfb-outpost31\Working\GenerateRefInfo-0796ee10-969c-44ce-941b-e3ce468b8282.proj&quot; on node 1 (default targets).
PrepareForBuild:
  Creating directory &quot;obj\Debug\&quot;.
GenerateRefInfo:
  Microsoft.Build (v17.14.19+164abd434ee16ef434f6405d3a1b5d479ce3e46f)
  c Microsoft Corporation. All rights reserved.
  No source code context base path specified.  Source context information is unavailable.
  Loaded 1 assemblies for reflection and 11 dependency assemblies.
  Wrote information on 6 namespaces, 8 types, and 31 members
  Merging duplicate type and member information
  Merged 0 duplicate type(s) and 0 duplicate member(s)
Done Building Project &quot;C:\IT\csb\dev\github\spectrum\tingen-documentation-project\docs\api\shfb-outpost31\Working\GenerateRefInfo-0796ee10-969c-44ce-941b-e3ce468b8282.proj&quot; (default targets).
    Last step completed in 00:00:00.8464
</buildStep>
<buildStep step="ApplyDocumentModel">
Applying document model to reflection output...
    Last step completed in 00:00:00.0033
</buildStep>
<buildStep step="AddApiTopicFilenames">
Adding topic filenames to API members...
    Last step completed in 00:00:00.0050
</buildStep>
<buildStep step="GenerateApiTopicManifest">
Generating API topic manifest...
    Last step completed in 00:00:00.0010
</buildStep>
<buildStep step="GenerateNamespaceSummaries">
Generating namespace summary information...
    Last step completed in 00:00:00.0300
</buildStep>
<buildStep step="CopyConceptualContent">
Copying conceptual content...
Checking for token files...
Checking for code snippets files...
Copying images and creating the media map file...
Generating conceptual topic files
    Parsing topic file &#39;C:\IT\csb\dev\github\spectrum\tingen-documentation-project\sfhb\shfb-outpost31\Content\Welcome.aml&#39;
    C:\IT\csb\dev\github\spectrum\tingen-documentation-project\sfhb\shfb-outpost31\Content\Welcome.aml -&gt; C:\IT\csb\dev\github\spectrum\tingen-documentation-project\docs\api\shfb-outpost31\Working\ddueXml\ffe49fad-6cb2-4f4b-a8af-9ba9a7d06fc1.xml
    Parsing topic file &#39;C:\IT\csb\dev\github\spectrum\tingen-documentation-project\sfhb\shfb-outpost31\Content\VersionHistory\VersionHistory.aml&#39;
    C:\IT\csb\dev\github\spectrum\tingen-documentation-project\sfhb\shfb-outpost31\Content\VersionHistory\VersionHistory.aml -&gt; C:\IT\csb\dev\github\spectrum\tingen-documentation-project\docs\api\shfb-outpost31\Working\ddueXml\c07a96b6-a791-477f-8bd3-df5564dd8811.xml
    Parsing topic file &#39;C:\IT\csb\dev\github\spectrum\tingen-documentation-project\sfhb\shfb-outpost31\Content\VersionHistory\v1.0.0.0.aml&#39;
    C:\IT\csb\dev\github\spectrum\tingen-documentation-project\sfhb\shfb-outpost31\Content\VersionHistory\v1.0.0.0.aml -&gt; C:\IT\csb\dev\github\spectrum\tingen-documentation-project\docs\api\shfb-outpost31\Working\ddueXml\33565a60-9900-4a09-83af-1351427e4991.xml
    Last step completed in 00:00:00.0220
</buildStep>
<buildStep step="CreateConceptualTopicConfigs">
Creating conceptual topic configuration files...
    Companion files
    _ContentMetadata_.xml
    Merging topic IDs into reference topic manifest file
    Last step completed in 00:00:00.0079
</buildStep>
<buildStep step="CopyAdditionalContent">
Copying additional content files...
C:\IT\csb\dev\github\spectrum\tingen-documentation-project\sfhb\shfb-outpost31\icons\Help.png -&gt; C:\IT\csb\dev\github\spectrum\tingen-documentation-project\docs\api\shfb-outpost31\Working\Output\Website\icons\Help.png
    Last step completed in 00:00:00.0031
</buildStep>
<buildStep step="MergeTablesOfContents">
Merging conceptual and additional tables of contents...
    Last step completed in 00:00:00.0000
</buildStep>
<buildStep step="GenerateIntermediateTableOfContents">
Generating intermediate table of contents file for API content...
Generating conceptual content intermediate TOC file...
    Last step completed in 00:00:00.0055
</buildStep>
<buildStep step="CreateBuildAssemblerConfigs">
Creating Sandcastle configuration files...
    Last step completed in 00:00:00.0732
</buildStep>
<buildStep step="CombiningIntermediateTocFiles">
Combining conceptual and API intermediate TOC files...
    Last step completed in 00:00:00.0020
</buildStep>
<buildStep step="MergeCustomConfigs">
Merging custom build component configurations
C:\IT\csb\dev\github\spectrum\tingen-documentation-project\docs\api\shfb-outpost31\Working\BuildAssembler.config
  Updating reference topic configurations.
  Updating conceptual topic configurations.
    Removing unused ExampleComponent.
    Last step completed in 00:00:00.0040
</buildStep>
<buildStep step="BuildTopics">
Building help topics...
<plugIn name="Website Table of Contents Generator" behavior="Before" priority="1000">
Loading TOC info and adding unique IDs to parent nodes
</plugIn>Loading configuration...
Processing topics...
SHFB: Warning BE0066: ShowMissingComponent: [N:Outpost31] Missing &lt;summary&gt; documentation
SHFB: Warning BE0066: SharedContentComponent: [T:Outpost31.ProjectInfo] A shared content element did not specify an item
SHFB: Warning BE0066: SharedContentComponent: [T:Outpost31.ProjectInfo] A shared content element did not specify an item
SHFB: Warning BE0066: ShowMissingComponent: [N:Outpost31.Core.Admin] Missing &lt;summary&gt; documentation
SHFB: Warning BE0066: ShowMissingComponent: [M:Outpost31.Core.Admin.AdminMode.Run(ScriptLinkStandard.Objects.OptionObject2015,System.String,System.String,System.String,System.String)] Missing &lt;param name=&quot;origOptObj&quot;/&gt; documentation
SHFB: Warning BE0066: ShowMissingComponent: [M:Outpost31.Core.Admin.AdminMode.Run(ScriptLinkStandard.Objects.OptionObject2015,System.String,System.String,System.String,System.String)] Missing &lt;param name=&quot;origScriptParam&quot;/&gt; documentation
SHFB: Warning BE0066: ShowMissingComponent: [M:Outpost31.Core.Admin.AdminMode.Run(ScriptLinkStandard.Objects.OptionObject2015,System.String,System.String,System.String,System.String)] Missing &lt;param name=&quot;tngnWsvcVer&quot;/&gt; documentation
SHFB: Warning BE0066: ShowMissingComponent: [M:Outpost31.Core.Admin.AdminMode.Run(ScriptLinkStandard.Objects.OptionObject2015,System.String,System.String,System.String,System.String)] Missing &lt;param name=&quot;avtrSys&quot;/&gt; documentation
SHFB: Warning BE0066: ShowMissingComponent: [M:Outpost31.Core.Admin.AdminMode.Run(ScriptLinkStandard.Objects.OptionObject2015,System.String,System.String,System.String,System.String)] Missing &lt;param name=&quot;adminMode&quot;/&gt; documentation
SHFB: Warning BE0066: ResolveReferenceLinksComponent: [M:Outpost31.Core.Admin.AdminMode.Run(ScriptLinkStandard.Objects.OptionObject2015,System.String,System.String,System.String,System.String)] Unknown reference link target &#39;T:ScriptLinkStandard.Objects.OptionObject2015&#39;.
SHFB: Warning BE0066: ShowMissingComponent: [T:Outpost31.Core.Admin.Deployment] Missing &lt;summary&gt; documentation
SHFB: Warning BE0066: ShowMissingComponent: [M:Outpost31.Core.Admin.Deployment.CopyDirectory(System.String,System.String)] Missing &lt;summary&gt; documentation
SHFB: Warning BE0066: ShowMissingComponent: [M:Outpost31.Core.Admin.Deployment.CopyDirectory(System.String,System.String)] Missing &lt;param name=&quot;sourceDir&quot;/&gt; documentation
SHFB: Warning BE0066: ShowMissingComponent: [M:Outpost31.Core.Admin.Deployment.CopyDirectory(System.String,System.String)] Missing &lt;param name=&quot;destinationDir&quot;/&gt; documentation
SHFB: Warning BE0066: SharedContentComponent: [P:Outpost31.Core.Admin.Deployment.ExeAsmName] A shared content element did not specify an item
SHFB: Warning BE0066: ShowMissingComponent: [M:Outpost31.Core.Admin.Deployment.InitializeTngnWsvc(System.String)] Missing &lt;summary&gt; documentation
SHFB: Warning BE0066: ShowMissingComponent: [M:Outpost31.Core.Admin.Deployment.InitializeTngnWsvc(System.String)] Missing &lt;param name=&quot;avtrSys&quot;/&gt; documentation
SHFB: Warning BE0066: ShowMissingComponent: [M:Outpost31.Core.Admin.Deployment.RefreshAppData(System.String)] Missing &lt;param name=&quot;avtrSys&quot;/&gt; documentation
SHFB: Warning BE0066: ShowMissingComponent: [M:Outpost31.Core.Admin.Testing.GenerateAppLogs(System.String,System.Int32)] Missing &lt;param name=&quot;msec&quot;/&gt; documentation
SHFB: Warning BE0066: ShowMissingComponent: [M:Outpost31.Core.Admin.Testing.Regression(ScriptLinkStandard.Objects.OptionObject2015,System.String,System.String,System.String)] Missing &lt;param name=&quot;origOptObj&quot;/&gt; documentation
SHFB: Warning BE0066: ShowMissingComponent: [M:Outpost31.Core.Admin.Testing.Regression(ScriptLinkStandard.Objects.OptionObject2015,System.String,System.String,System.String)] Missing &lt;param name=&quot;origScriptParam&quot;/&gt; documentation
SHFB: Warning BE0066: ShowMissingComponent: [M:Outpost31.Core.Admin.Testing.Regression(ScriptLinkStandard.Objects.OptionObject2015,System.String,System.String,System.String)] Missing &lt;param name=&quot;tngnWsvcVer&quot;/&gt; documentation
SHFB: Warning BE0066: ShowMissingComponent: [M:Outpost31.Core.Admin.Testing.Regression(ScriptLinkStandard.Objects.OptionObject2015,System.String,System.String,System.String)] Missing &lt;param name=&quot;avtrSys&quot;/&gt; documentation
SHFB: Warning BE0066: ResolveReferenceLinksComponent: [M:Outpost31.Core.Admin.Testing.Regression(ScriptLinkStandard.Objects.OptionObject2015,System.String,System.String,System.String)] Unknown reference link target &#39;T:ScriptLinkStandard.Objects.OptionObject2015&#39;.
SHFB: Warning BE0066: ShowMissingComponent: [N:Outpost31.Core.Avatar] Missing &lt;summary&gt; documentation
SHFB: Warning BE0066: ShowMissingComponent: [T:Outpost31.Core.Avatar.AvtrEnvironment] Missing &lt;summary&gt; documentation
TopicTransformation: [P:Outpost31.Core.Avatar.AvtrEnvironment.AvtrSys] Unhandled transformation element: Manual  Parent element: remarks
TopicTransformation: [P:Outpost31.Core.Avatar.AvtrEnvironment.AvtrSys] Unhandled transformation element: Important  Parent element: remarks
TopicTransformation: [P:Outpost31.Core.Avatar.AvtrEnvironment.AvtrSys] Unhandled transformation element: Warning  Parent element: remarks
TopicTransformation: [P:Outpost31.Core.Avatar.AvtrEnvironment.AvtrSys] Unhandled transformation element: Security  Parent element: remarks
SHFB: Warning BE0066: ResolveReferenceLinksComponent: [P:Outpost31.Core.Avatar.AvtrEnvironment.AvtrSysCode] Unknown reference link target &#39;!:AvtrSystem&#39;.
SHFB: Warning BE0066: ShowMissingComponent: [N:Outpost31.Core.Du] Missing &lt;summary&gt; documentation
SHFB: Warning BE0066: ShowMissingComponent: [T:Outpost31.Core.Du.DuJson] Missing &lt;summary&gt; documentation
SHFB: Warning BE0066: ShowMissingComponent: [M:Outpost31.Core.Du.DuJson.ExportToFile``1(``0,System.String)] Missing &lt;summary&gt; documentation
SHFB: Warning BE0066: ShowMissingComponent: [M:Outpost31.Core.Du.DuJson.ExportToFile``1(``0,System.String)] Missing &lt;typeparam name=&quot;JsonObject&quot;/&gt; documentation
SHFB: Warning BE0066: ShowMissingComponent: [M:Outpost31.Core.Du.DuJson.ExportToFile``1(``0,System.String)] Missing &lt;param name=&quot;jsonObject&quot;/&gt; documentation
SHFB: Warning BE0066: ShowMissingComponent: [M:Outpost31.Core.Du.DuJson.ExportToFile``1(``0,System.String)] Missing &lt;param name=&quot;filePath&quot;/&gt; documentation
SHFB: Warning BE0066: ShowMissingComponent: [M:Outpost31.Core.Du.DuJson.ImportFromFile``1(System.String)] Missing &lt;summary&gt; documentation
SHFB: Warning BE0066: ShowMissingComponent: [M:Outpost31.Core.Du.DuJson.ImportFromFile``1(System.String)] Missing &lt;typeparam name=&quot;JsonObject&quot;/&gt; documentation
SHFB: Warning BE0066: ShowMissingComponent: [M:Outpost31.Core.Du.DuJson.ImportFromFile``1(System.String)] Missing &lt;returns&gt; documentation
SHFB: Warning BE0066: ShowMissingComponent: [M:Outpost31.Core.Du.DuJson.ImportFromFile``1(System.String)] Missing &lt;param name=&quot;filePath&quot;/&gt; documentation
SHFB: Warning BE0066: ShowMissingComponent: [N:Outpost31.Core.Logger] Missing &lt;summary&gt; documentation
SHFB: Warning BE0066: ShowMissingComponent: [M:Outpost31.Core.Logger.LogAppEvent.Critical(System.String,System.String,System.Int32,System.String,System.String,System.String,System.String,System.Int32)] Missing &lt;param name=&quot;avtrSys&quot;/&gt; documentation
SHFB: Warning BE0066: ShowMissingComponent: [M:Outpost31.Core.Logger.LogAppEvent.Critical(System.String,System.String,System.Int32,System.String,System.String,System.String,System.String,System.Int32)] Missing &lt;param name=&quot;exeAsmName&quot;/&gt; documentation
SHFB: Warning BE0066: ShowMissingComponent: [M:Outpost31.Core.Logger.LogAppEvent.Critical(System.String,System.String,System.Int32,System.String,System.String,System.String,System.String,System.Int32)] Missing &lt;param name=&quot;msec&quot;/&gt; documentation
SHFB: Warning BE0066: ShowMissingComponent: [M:Outpost31.Core.Logger.LogAppEvent.Critical(System.String,System.String,System.Int32,System.String,System.String,System.String,System.String,System.Int32)] Missing &lt;param name=&quot;logName&quot;/&gt; documentation
SHFB: Warning BE0066: ShowMissingComponent: [M:Outpost31.Core.Logger.LogAppEvent.Critical(System.String,System.String,System.Int32,System.String,System.String,System.String,System.String,System.Int32)] Missing &lt;param name=&quot;logBody&quot;/&gt; documentation
SHFB: Warning BE0066: ShowMissingComponent: [M:Outpost31.Core.Logger.LogAppEvent.Critical(System.String,System.String,System.Int32,System.String,System.String,System.String,System.String,System.Int32)] Missing &lt;param name=&quot;fromClassPath&quot;/&gt; documentation
SHFB: Warning BE0066: ShowMissingComponent: [M:Outpost31.Core.Logger.LogAppEvent.Critical(System.String,System.String,System.Int32,System.String,System.String,System.String,System.String,System.Int32)] Missing &lt;param name=&quot;fromMethod&quot;/&gt; documentation
SHFB: Warning BE0066: ShowMissingComponent: [M:Outpost31.Core.Logger.LogAppEvent.Critical(System.String,System.String,System.Int32,System.String,System.String,System.String,System.String,System.Int32)] Missing &lt;param name=&quot;fromLine&quot;/&gt; documentation
SHFB: Warning BE0066: ShowMissingComponent: [M:Outpost31.Core.Logger.LogAppEvent.Debuggler(System.String,System.String,System.String,System.String,System.String,System.Int32,System.Int32)] Missing &lt;summary&gt; documentation
SHFB: Warning BE0066: ShowMissingComponent: [M:Outpost31.Core.Logger.LogAppEvent.Debuggler(System.String,System.String,System.String,System.String,System.String,System.Int32,System.Int32)] Missing &lt;param name=&quot;avtrSys&quot;/&gt; documentation
SHFB: Warning BE0066: ShowMissingComponent: [M:Outpost31.Core.Logger.LogAppEvent.Debuggler(System.String,System.String,System.String,System.String,System.String,System.Int32,System.Int32)] Missing &lt;param name=&quot;exeAsmName&quot;/&gt; documentation
SHFB: Warning BE0066: ShowMissingComponent: [M:Outpost31.Core.Logger.LogAppEvent.Debuggler(System.String,System.String,System.String,System.String,System.String,System.Int32,System.Int32)] Missing &lt;param name=&quot;logBody&quot;/&gt; documentation
SHFB: Warning BE0066: ShowMissingComponent: [M:Outpost31.Core.Logger.LogAppEvent.Debuggler(System.String,System.String,System.String,System.String,System.String,System.Int32,System.Int32)] Missing &lt;param name=&quot;fromClassPath&quot;/&gt; documentation
SHFB: Warning BE0066: ShowMissingComponent: [M:Outpost31.Core.Logger.LogAppEvent.Debuggler(System.String,System.String,System.String,System.String,System.String,System.Int32,System.Int32)] Missing &lt;param name=&quot;fromMethod&quot;/&gt; documentation
SHFB: Warning BE0066: ShowMissingComponent: [M:Outpost31.Core.Logger.LogAppEvent.Debuggler(System.String,System.String,System.String,System.String,System.String,System.Int32,System.Int32)] Missing &lt;param name=&quot;fromLine&quot;/&gt; documentation
SHFB: Warning BE0066: ShowMissingComponent: [M:Outpost31.Core.Logger.LogAppEvent.Debuggler(System.String,System.String,System.String,System.String,System.String,System.Int32,System.Int32)] Missing &lt;param name=&quot;msec&quot;/&gt; documentation
SHFB: Warning BE0066: ShowMissingComponent: [M:Outpost31.Core.Logger.LogAppEvent.Error(System.String,System.String,System.String,System.String,System.String,System.String,System.Int32,System.Int32)] Missing &lt;summary&gt; documentation
SHFB: Warning BE0066: ShowMissingComponent: [M:Outpost31.Core.Logger.LogAppEvent.Error(System.String,System.String,System.String,System.String,System.String,System.String,System.Int32,System.Int32)] Missing &lt;param name=&quot;avtrSys&quot;/&gt; documentation
SHFB: Warning BE0066: ShowMissingComponent: [M:Outpost31.Core.Logger.LogAppEvent.Error(System.String,System.String,System.String,System.String,System.String,System.String,System.Int32,System.Int32)] Missing &lt;param name=&quot;exeAsmName&quot;/&gt; documentation
SHFB: Warning BE0066: ShowMissingComponent: [M:Outpost31.Core.Logger.LogAppEvent.Error(System.String,System.String,System.String,System.String,System.String,System.String,System.Int32,System.Int32)] Missing &lt;param name=&quot;errorMsg&quot;/&gt; documentation
SHFB: Warning BE0066: ShowMissingComponent: [M:Outpost31.Core.Logger.LogAppEvent.Error(System.String,System.String,System.String,System.String,System.String,System.String,System.Int32,System.Int32)] Missing &lt;param name=&quot;errorCode&quot;/&gt; documentation
SHFB: Warning BE0066: ShowMissingComponent: [M:Outpost31.Core.Logger.LogAppEvent.Error(System.String,System.String,System.String,System.String,System.String,System.String,System.Int32,System.Int32)] Missing &lt;param name=&quot;fromClassPath&quot;/&gt; documentation
SHFB: Warning BE0066: ShowMissingComponent: [M:Outpost31.Core.Logger.LogAppEvent.Error(System.String,System.String,System.String,System.String,System.String,System.String,System.Int32,System.Int32)] Missing &lt;param name=&quot;fromMethod&quot;/&gt; documentation
SHFB: Warning BE0066: ShowMissingComponent: [M:Outpost31.Core.Logger.LogAppEvent.Error(System.String,System.String,System.String,System.String,System.String,System.String,System.Int32,System.Int32)] Missing &lt;param name=&quot;fromLine&quot;/&gt; documentation
SHFB: Warning BE0066: ShowMissingComponent: [M:Outpost31.Core.Logger.LogAppEvent.Error(System.String,System.String,System.String,System.String,System.String,System.String,System.Int32,System.Int32)] Missing &lt;param name=&quot;msec&quot;/&gt; documentation
SHFB: Warning BE0066: ShowMissingComponent: [M:Outpost31.Core.Logger.LogAppEvent.GetClassName(System.String)] Missing &lt;summary&gt; documentation
SHFB: Warning BE0066: ShowMissingComponent: [M:Outpost31.Core.Logger.LogAppEvent.GetClassName(System.String)] Missing &lt;returns&gt; documentation
SHFB: Warning BE0066: ShowMissingComponent: [M:Outpost31.Core.Logger.LogAppEvent.GetClassName(System.String)] Missing &lt;param name=&quot;fromClassPath&quot;/&gt; documentation
SHFB: Warning BE0066: ShowMissingComponent: [M:Outpost31.Core.Logger.LogAppEvent.Primeval(System.String,System.Int32)] Missing &lt;param name=&quot;msec&quot;/&gt; documentation
SHFB: Warning BE0066: ShowMissingComponent: [M:Outpost31.Core.Logger.LogAppEvent.Trace(System.String,System.String,System.String,System.String,System.Int32,System.Int32)] Missing &lt;summary&gt; documentation
SHFB: Warning BE0066: ShowMissingComponent: [M:Outpost31.Core.Logger.LogAppEvent.Trace(System.String,System.String,System.String,System.String,System.Int32,System.Int32)] Missing &lt;param name=&quot;avtrSys&quot;/&gt; documentation
SHFB: Warning BE0066: ShowMissingComponent: [M:Outpost31.Core.Logger.LogAppEvent.Trace(System.String,System.String,System.String,System.String,System.Int32,System.Int32)] Missing &lt;param name=&quot;exeAsmName&quot;/&gt; documentation
SHFB: Warning BE0066: ShowMissingComponent: [M:Outpost31.Core.Logger.LogAppEvent.Trace(System.String,System.String,System.String,System.String,System.Int32,System.Int32)] Missing &lt;param name=&quot;fromClassPath&quot;/&gt; documentation
SHFB: Warning BE0066: ShowMissingComponent: [M:Outpost31.Core.Logger.LogAppEvent.Trace(System.String,System.String,System.String,System.String,System.Int32,System.Int32)] Missing &lt;param name=&quot;fromMethod&quot;/&gt; documentation
SHFB: Warning BE0066: ShowMissingComponent: [M:Outpost31.Core.Logger.LogAppEvent.Trace(System.String,System.String,System.String,System.String,System.Int32,System.Int32)] Missing &lt;param name=&quot;fromLine&quot;/&gt; documentation
SHFB: Warning BE0066: ShowMissingComponent: [M:Outpost31.Core.Logger.LogAppEvent.Trace(System.String,System.String,System.String,System.String,System.Int32,System.Int32)] Missing &lt;param name=&quot;msec&quot;/&gt; documentation
SHFB: Warning BE0066: ShowMissingComponent: [N:Outpost31.Module.Admin] Missing &lt;summary&gt; documentation
SHFB: Warning BE0066: ShowMissingComponent: [T:Outpost31.Module.Admin.Development] Missing &lt;summary&gt; documentation
SHFB: Warning BE0066: SharedContentComponent: [P:Outpost31.Module.Admin.Development.ExeAsmName] A shared content element did not specify an item
Processed 62 topic(s)
77 warning(s)
CopyFromIndexComponent: &quot;metadata&quot; in-memory cache entries used: 1 of 15.
ResolveArtLinksComponent: Copying media files...
CopyFromIndexComponent: &quot;reflection&quot; in-memory cache entries used: 2 of 15.
CopyFromIndexComponent: &quot;comments&quot; in-memory cache entries used: 2 of 30.
<plugIn name="Website Table of Contents Generator" behavior="After" priority="1000">
Generating TOC fragment files
</plugIn>    Last step completed in 00:00:03.7826
</buildStep>
<buildStep step="CopyStandardHelpContent">
Copying standard help content...
C:\Program Files (x86)\EWSoftware\Sandcastle Help File Builder\Components\Default2022\css\bulma.css -&gt; C:\IT\csb\dev\github\spectrum\tingen-documentation-project\docs\api\shfb-outpost31\Working\Output\Website\css\bulma.css
C:\Program Files (x86)\EWSoftware\Sandcastle Help File Builder\Components\Default2022\css\bulma.css.map -&gt; C:\IT\csb\dev\github\spectrum\tingen-documentation-project\docs\api\shfb-outpost31\Working\Output\Website\css\bulma.css.map
C:\Program Files (x86)\EWSoftware\Sandcastle Help File Builder\Components\Default2022\css\bulma.min.css -&gt; C:\IT\csb\dev\github\spectrum\tingen-documentation-project\docs\api\shfb-outpost31\Working\Output\Website\css\bulma.min.css
C:\Program Files (x86)\EWSoftware\Sandcastle Help File Builder\Components\Default2022\css\font-awesome.css -&gt; C:\IT\csb\dev\github\spectrum\tingen-documentation-project\docs\api\shfb-outpost31\Working\Output\Website\css\font-awesome.css
C:\Program Files (x86)\EWSoftware\Sandcastle Help File Builder\Components\Default2022\css\font-awesome.min.css -&gt; C:\IT\csb\dev\github\spectrum\tingen-documentation-project\docs\api\shfb-outpost31\Working\Output\Website\css\font-awesome.min.css
C:\Program Files (x86)\EWSoftware\Sandcastle Help File Builder\Components\Default2022\css\ja-JP.css -&gt; C:\IT\csb\dev\github\spectrum\tingen-documentation-project\docs\api\shfb-outpost31\Working\Output\Website\css\ja-JP.css
C:\Program Files (x86)\EWSoftware\Sandcastle Help File Builder\Components\Default2022\css\ko-KR.css -&gt; C:\IT\csb\dev\github\spectrum\tingen-documentation-project\docs\api\shfb-outpost31\Working\Output\Website\css\ko-KR.css
C:\Program Files (x86)\EWSoftware\Sandcastle Help File Builder\Components\Default2022\css\presentationStyle.css -&gt; C:\IT\csb\dev\github\spectrum\tingen-documentation-project\docs\api\shfb-outpost31\Working\Output\Website\css\presentationStyle.css
C:\Program Files (x86)\EWSoftware\Sandcastle Help File Builder\Components\Default2022\css\vs.min.css -&gt; C:\IT\csb\dev\github\spectrum\tingen-documentation-project\docs\api\shfb-outpost31\Working\Output\Website\css\vs.min.css
C:\Program Files (x86)\EWSoftware\Sandcastle Help File Builder\Components\Default2022\css\zh-CN.css -&gt; C:\IT\csb\dev\github\spectrum\tingen-documentation-project\docs\api\shfb-outpost31\Working\Output\Website\css\zh-CN.css
C:\Program Files (x86)\EWSoftware\Sandcastle Help File Builder\Components\Default2022\css\zh-TW.css -&gt; C:\IT\csb\dev\github\spectrum\tingen-documentation-project\docs\api\shfb-outpost31\Working\Output\Website\css\zh-TW.css
C:\Program Files (x86)\EWSoftware\Sandcastle Help File Builder\Components\Default2022\icons\favicon.ico -&gt; C:\IT\csb\dev\github\spectrum\tingen-documentation-project\docs\api\shfb-outpost31\Working\Output\Website\icons\favicon.ico
C:\Program Files (x86)\EWSoftware\Sandcastle Help File Builder\Components\Default2022\scripts\clipboard.min.js -&gt; C:\IT\csb\dev\github\spectrum\tingen-documentation-project\docs\api\shfb-outpost31\Working\Output\Website\scripts\clipboard.min.js
C:\Program Files (x86)\EWSoftware\Sandcastle Help File Builder\Components\Default2022\scripts\highlight.min.js -&gt; C:\IT\csb\dev\github\spectrum\tingen-documentation-project\docs\api\shfb-outpost31\Working\Output\Website\scripts\highlight.min.js
C:\Program Files (x86)\EWSoftware\Sandcastle Help File Builder\Components\Default2022\scripts\jquery-3.5.1.min.js -&gt; C:\IT\csb\dev\github\spectrum\tingen-documentation-project\docs\api\shfb-outpost31\Working\Output\Website\scripts\jquery-3.5.1.min.js
C:\Program Files (x86)\EWSoftware\Sandcastle Help File Builder\Components\Default2022\scripts\presentationStyle.js -&gt; C:\IT\csb\dev\github\spectrum\tingen-documentation-project\docs\api\shfb-outpost31\Working\Output\Website\scripts\presentationStyle.js
C:\Program Files (x86)\EWSoftware\Sandcastle Help File Builder\Components\Default2022\webfonts\fa-brands-400.ttf -&gt; C:\IT\csb\dev\github\spectrum\tingen-documentation-project\docs\api\shfb-outpost31\Working\Output\Website\webfonts\fa-brands-400.ttf
C:\Program Files (x86)\EWSoftware\Sandcastle Help File Builder\Components\Default2022\webfonts\fa-brands-400.woff2 -&gt; C:\IT\csb\dev\github\spectrum\tingen-documentation-project\docs\api\shfb-outpost31\Working\Output\Website\webfonts\fa-brands-400.woff2
C:\Program Files (x86)\EWSoftware\Sandcastle Help File Builder\Components\Default2022\webfonts\fa-regular-400.ttf -&gt; C:\IT\csb\dev\github\spectrum\tingen-documentation-project\docs\api\shfb-outpost31\Working\Output\Website\webfonts\fa-regular-400.ttf
C:\Program Files (x86)\EWSoftware\Sandcastle Help File Builder\Components\Default2022\webfonts\fa-regular-400.woff2 -&gt; C:\IT\csb\dev\github\spectrum\tingen-documentation-project\docs\api\shfb-outpost31\Working\Output\Website\webfonts\fa-regular-400.woff2
C:\Program Files (x86)\EWSoftware\Sandcastle Help File Builder\Components\Default2022\webfonts\fa-solid-900.ttf -&gt; C:\IT\csb\dev\github\spectrum\tingen-documentation-project\docs\api\shfb-outpost31\Working\Output\Website\webfonts\fa-solid-900.ttf
C:\Program Files (x86)\EWSoftware\Sandcastle Help File Builder\Components\Default2022\webfonts\fa-solid-900.woff2 -&gt; C:\IT\csb\dev\github\spectrum\tingen-documentation-project\docs\api\shfb-outpost31\Working\Output\Website\webfonts\fa-solid-900.woff2
C:\Program Files (x86)\EWSoftware\Sandcastle Help File Builder\Components\Default2022\webfonts\fa-v4compatibility.ttf -&gt; C:\IT\csb\dev\github\spectrum\tingen-documentation-project\docs\api\shfb-outpost31\Working\Output\Website\webfonts\fa-v4compatibility.ttf
C:\Program Files (x86)\EWSoftware\Sandcastle Help File Builder\Components\Default2022\webfonts\fa-v4compatibility.woff2 -&gt; C:\IT\csb\dev\github\spectrum\tingen-documentation-project\docs\api\shfb-outpost31\Working\Output\Website\webfonts\fa-v4compatibility.woff2
C:\Program Files (x86)\EWSoftware\Sandcastle Help File Builder\Components\Default2022\RootWebsiteContent\GeneralError.html -&gt; C:\IT\csb\dev\github\spectrum\tingen-documentation-project\docs\api\shfb-outpost31\Working\Output\Website\GeneralError.html
C:\Program Files (x86)\EWSoftware\Sandcastle Help File Builder\Components\Default2022\RootWebsiteContent\index.html -&gt; C:\IT\csb\dev\github\spectrum\tingen-documentation-project\docs\api\shfb-outpost31\Working\Output\Website\index.html
C:\Program Files (x86)\EWSoftware\Sandcastle Help File Builder\Components\Default2022\RootWebsiteContent\PageNotFound.html -&gt; C:\IT\csb\dev\github\spectrum\tingen-documentation-project\docs\api\shfb-outpost31\Working\Output\Website\PageNotFound.html
C:\Program Files (x86)\EWSoftware\Sandcastle Help File Builder\Components\Default2022\RootWebsiteContent\search.html -&gt; C:\IT\csb\dev\github\spectrum\tingen-documentation-project\docs\api\shfb-outpost31\Working\Output\Website\search.html
C:\Program Files (x86)\EWSoftware\Sandcastle Help File Builder\Components\Default2022\RootWebsiteContent\SearchHelp.aspx -&gt; C:\IT\csb\dev\github\spectrum\tingen-documentation-project\docs\api\shfb-outpost31\Working\Output\Website\SearchHelp.aspx
C:\Program Files (x86)\EWSoftware\Sandcastle Help File Builder\Components\Default2022\RootWebsiteContent\SearchHelp.inc.php -&gt; C:\IT\csb\dev\github\spectrum\tingen-documentation-project\docs\api\shfb-outpost31\Working\Output\Website\SearchHelp.inc.php
C:\Program Files (x86)\EWSoftware\Sandcastle Help File Builder\Components\Default2022\RootWebsiteContent\SearchHelp.php -&gt; C:\IT\csb\dev\github\spectrum\tingen-documentation-project\docs\api\shfb-outpost31\Working\Output\Website\SearchHelp.php
C:\Program Files (x86)\EWSoftware\Sandcastle Help File Builder\Components\Default2022\RootWebsiteContent\Web.Config -&gt; C:\IT\csb\dev\github\spectrum\tingen-documentation-project\docs\api\shfb-outpost31\Working\Output\Website\Web.Config
    Last step completed in 00:00:00.1664
</buildStep>
<buildStep step="GenerateFullTextIndex">
Generating full-text index for the website...

    Last step completed in 00:00:00.0678
</buildStep>
<buildStep step="CopyingWebsiteFiles">
Copying website files to output folder...

Copied 150 files for the website content
    Last step completed in 00:00:00.2444
</buildStep>
<buildStep step="CleanIntermediates">
Removing intermediate files...
    Last step completed in 00:00:00.1297
</buildStep>
<buildStep step="Completed">

Build completed successfully at 8/28/2025 11:44:59 AM.  Total time: 00:00:05.8358

</buildStep>
</shfbBuild>
