<?xml version="1.0" encoding="utf-8"?>
<shfbBuild product="Sandcastle Help File Builder and Tools" version="2025.3.22.0" projectFile="C:\Users\Chris.Banwarth\DevEnv\GitHub\spectrum-health-systems\tingen-documentation\sfhb\shfb-tingen-web-service\shfb-tingen-web-service.shfbproj" started="5/29/2025 4:07:22 PM">
<buildStep step="Initializing">
The Sandcastle tools are located in &#39;C:\Program Files (x86)\EWSoftware\Sandcastle Help File Builder&#39;
Locating components in the following folder(s):
    C:\Users\Chris.Banwarth\DevEnv\GitHub\spectrum-health-systems\tingen-documentation\sfhb\shfb-tingen-web-service
    C:\ProgramData\EWSoftware\Sandcastle Help File Builder\Components and Plug-Ins
    C:\Program Files (x86)\EWSoftware\Sandcastle Help File Builder\Components
Using framework reflection data for &#39;.NET Framework 4.8&#39; located in &#39;C:\Program Files (x86)\EWSoftware\Sandcastle Help File Builder\Data\.NETFramework&#39;
Using presentation style &#39;Default2022&#39; located in &#39;C:\Program Files (x86)\EWSoftware\Sandcastle Help File Builder\Components\Default2022&#39;
Loading and initializing plug-ins...
Website Table of Contents Generator Version 2025.3.22.0
Copyright &#169; 2006-2025, Eric Woodruff, All Rights Reserved
-------------------------------
Clearing any prior web/markdown output...
</buildStep>
<buildStep step="ValidatingDocumentationSources">
Validating and copying documentation source information
Source: C:\Users\Chris.Banwarth\DevEnv\GitHub\spectrum-health-systems\tingen-web-service\src\TingenWebService.csproj
    Found project &#39;C:\Users\Chris.Banwarth\DevEnv\GitHub\spectrum-health-systems\tingen-web-service\src\TingenWebService.csproj&#39;

Parsing project files
    Found assembly &#39;C:\Users\Chris.Banwarth\DevEnv\GitHub\spectrum-health-systems\tingen-web-service\src\bin\TingenWebService.dll&#39; (.NETFramework 4.8)

References to include:
    Microsoft.CodeDom.Providers.DotNetCompilerPlatform, Version=4.1.0.0, Culture=neutral, PublicKeyToken=31bf3856ad364e35, processorArchitecture=MSIL

Copying XML comments files
    C:\Users\Chris.Banwarth\DevEnv\GitHub\spectrum-health-systems\tingen-web-service\src\bin\tingen-web-service.xml -&gt; C:\Users\Chris.Banwarth\DevEnv\GitHub\spectrum-health-systems\tingen-documentation\docs\api\sfhb-tingen-web-service\Working\tingen-web-service.xml
</buildStep>
<buildStep step="GenerateSharedContent">
Generating shared content files (en-US, English (United States))...
    Last step completed in 00:00:00.0000
</buildStep>
<buildStep step="GenerateApiFilter">
Generating API filter for MRefBuilder...
    Last step completed in 00:00:00.0000
</buildStep>
<buildStep step="GenerateReflectionInfo">
Generating reflection information...
[C:\Program Files\Microsoft Visual Studio\2022\Community\MSBuild\Current\Bin\amd64\MSBuild.exe - GenerateRefInfo-645d5e1c-15b2-4092-8012-856fa6c7d254.proj]
Build started 5/29/2025 4:07:23 PM.

Project &quot;C:\Users\Chris.Banwarth\DevEnv\GitHub\spectrum-health-systems\tingen-documentation\docs\api\sfhb-tingen-web-service\Working\GenerateRefInfo-645d5e1c-15b2-4092-8012-856fa6c7d254.proj&quot; on node 1 (default targets).
PrepareForBuild:
  Creating directory &quot;obj\Debug\&quot;.
GenerateRefInfo:
  Microsoft.Build (v17.14.10+8b8e13593c1ad93f3807eae211f175a54844e00f)
  c Microsoft Corporation. All rights reserved.
  No source code context base path specified.  Source context information is unavailable.
  Loaded 1 assemblies for reflection and 2 dependency assemblies.
  Using framework redirect &#39;System.Web.Services, Version=4.0.0.0, Culture=neutral, PublicKeyToken=b03f5f7f11d50a3a&#39; in place of &#39;System.Web.Services, Version=4.0.0.0, Culture=neutral, PublicKeyToken=b03f5f7f11d50a3a&#39;
  Using framework redirect &#39;System, Version=4.0.0.0, Culture=neutral, PublicKeyToken=b77a5c561934e089&#39; in place of &#39;System, Version=4.0.0.0, Culture=neutral, PublicKeyToken=b77a5c561934e089&#39;
  Using framework redirect &#39;System.EnterpriseServices, Version=4.0.0.0, Culture=neutral, PublicKeyToken=b03f5f7f11d50a3a&#39; in place of &#39;System.EnterpriseServices, Version=4.0.0.0, Culture=neutral, PublicKeyToken=b03f5f7f11d50a3a&#39;
  Using framework redirect &#39;System.Web, Version=4.0.0.0, Culture=neutral, PublicKeyToken=b03f5f7f11d50a3a&#39; in place of &#39;System.Web, Version=4.0.0.0, Culture=neutral, PublicKeyToken=b03f5f7f11d50a3a&#39;
  Wrote information on 1 namespaces, 1 types, and 7 members
  Merging duplicate type and member information
  Merged 0 duplicate type(s) and 0 duplicate member(s)
Done Building Project &quot;C:\Users\Chris.Banwarth\DevEnv\GitHub\spectrum-health-systems\tingen-documentation\docs\api\sfhb-tingen-web-service\Working\GenerateRefInfo-645d5e1c-15b2-4092-8012-856fa6c7d254.proj&quot; (default targets).
    Last step completed in 00:00:00.9156
</buildStep>
<buildStep step="ApplyDocumentModel">
Applying document model to reflection output...
    Last step completed in 00:00:00.0020
</buildStep>
<buildStep step="AddApiTopicFilenames">
Adding topic filenames to API members...
    Last step completed in 00:00:00.0026
</buildStep>
<buildStep step="GenerateApiTopicManifest">
Generating API topic manifest...
    Last step completed in 00:00:00.0000
</buildStep>
<buildStep step="GenerateNamespaceSummaries">
Generating namespace summary information...
    Last step completed in 00:00:00.0024
</buildStep>
<buildStep step="CopyConceptualContent">
Copying conceptual content...
Checking for token files...
Checking for code snippets files...
Copying images and creating the media map file...
Generating conceptual topic files
    Parsing topic file &#39;C:\Users\Chris.Banwarth\DevEnv\GitHub\spectrum-health-systems\tingen-documentation\sfhb\shfb-tingen-web-service\Content\Welcome.aml&#39;
    C:\Users\Chris.Banwarth\DevEnv\GitHub\spectrum-health-systems\tingen-documentation\sfhb\shfb-tingen-web-service\Content\Welcome.aml -&gt; C:\Users\Chris.Banwarth\DevEnv\GitHub\spectrum-health-systems\tingen-documentation\docs\api\sfhb-tingen-web-service\Working\ddueXml\82a31265-4fa5-4761-b2aa-a7ff62431767.xml
    Last step completed in 00:00:00.0180
</buildStep>
<buildStep step="CreateConceptualTopicConfigs">
Creating conceptual topic configuration files...
    Companion files
    _ContentMetadata_.xml
    Merging topic IDs into reference topic manifest file
    Last step completed in 00:00:00.0046
</buildStep>
<buildStep step="CopyAdditionalContent">
Copying additional content files...
C:\Users\Chris.Banwarth\DevEnv\GitHub\spectrum-health-systems\tingen-documentation\sfhb\shfb-tingen-web-service\icons\Help.png -&gt; C:\Users\Chris.Banwarth\DevEnv\GitHub\spectrum-health-systems\tingen-documentation\docs\api\sfhb-tingen-web-service\Working\Output\Website\icons\Help.png
    Last step completed in 00:00:00.0029
</buildStep>
<buildStep step="MergeTablesOfContents">
Merging conceptual and additional tables of contents...
    Last step completed in 00:00:00.0000
</buildStep>
<buildStep step="GenerateIntermediateTableOfContents">
Generating intermediate table of contents file for API content...
Generating conceptual content intermediate TOC file...
    Last step completed in 00:00:00.0075
</buildStep>
<buildStep step="CreateBuildAssemblerConfigs">
Creating Sandcastle configuration files...
    Last step completed in 00:00:00.1161
</buildStep>
<buildStep step="CombiningIntermediateTocFiles">
Combining conceptual and API intermediate TOC files...
    Last step completed in 00:00:00.0000
</buildStep>
<buildStep step="MergeCustomConfigs">
Merging custom build component configurations
C:\Users\Chris.Banwarth\DevEnv\GitHub\spectrum-health-systems\tingen-documentation\docs\api\sfhb-tingen-web-service\Working\BuildAssembler.config
  Updating reference topic configurations.
  Updating conceptual topic configurations.
    Removing unused ExampleComponent.
    Last step completed in 00:00:00.0000
</buildStep>
<buildStep step="BuildTopics">
Building help topics...
<plugIn name="Website Table of Contents Generator" behavior="Before" priority="1000">
Loading TOC info and adding unique IDs to parent nodes
</plugIn>Loading configuration...
Processing topics...
SHFB: Warning BE0066: ShowMissingComponent: [N:TingenWebService] Missing &lt;summary&gt; documentation
SHFB: Warning BE0066: ResolveReferenceLinksComponent: [M:TingenWebService.TingenWebService.RunScript(ScriptLinkStandard.Objects.OptionObject2015,System.String)] Unknown reference link target &#39;T:ScriptLinkStandard.Objects.OptionObject2015&#39;.
SHFB: Warning BE0066: ResolveReferenceLinksComponent: [M:TingenWebService.TingenWebService.RunScript(ScriptLinkStandard.Objects.OptionObject2015,System.String)] Unknown reference link target &#39;T:ScriptLinkStandard.Objects.OptionObject2015&#39;.
SHFB: Warning BE0066: ResolveReferenceLinksComponent: [M:TingenWebService.TingenWebService.RunScript(ScriptLinkStandard.Objects.OptionObject2015,System.String)] Unknown reference link target &#39;T:ScriptLinkStandard.Objects.OptionObject2015&#39;.
SHFB: Warning BE0066: ResolveReferenceLinksComponent: [M:TingenWebService.TingenWebService.RunScript(ScriptLinkStandard.Objects.OptionObject2015,System.String)] Unknown reference link target &#39;T:ScriptLinkStandard.Objects.OptionObject2015&#39;.
Processed 13 topic(s)
5 warning(s)
CopyFromIndexComponent: &quot;metadata&quot; in-memory cache entries used: 1 of 15.
ResolveArtLinksComponent: Copying media files...
CopyFromIndexComponent: &quot;reflection&quot; in-memory cache entries used: 2 of 15.
CopyFromIndexComponent: &quot;comments&quot; in-memory cache entries used: 4 of 30.
<plugIn name="Website Table of Contents Generator" behavior="After" priority="1000">
Generating TOC fragment files
</plugIn>    Last step completed in 00:00:03.2541
</buildStep>
<buildStep step="CopyStandardHelpContent">
Copying standard help content...
C:\Program Files (x86)\EWSoftware\Sandcastle Help File Builder\Components\Default2022\css\bulma.css -&gt; C:\Users\Chris.Banwarth\DevEnv\GitHub\spectrum-health-systems\tingen-documentation\docs\api\sfhb-tingen-web-service\Working\Output\Website\css\bulma.css
C:\Program Files (x86)\EWSoftware\Sandcastle Help File Builder\Components\Default2022\css\bulma.css.map -&gt; C:\Users\Chris.Banwarth\DevEnv\GitHub\spectrum-health-systems\tingen-documentation\docs\api\sfhb-tingen-web-service\Working\Output\Website\css\bulma.css.map
C:\Program Files (x86)\EWSoftware\Sandcastle Help File Builder\Components\Default2022\css\bulma.min.css -&gt; C:\Users\Chris.Banwarth\DevEnv\GitHub\spectrum-health-systems\tingen-documentation\docs\api\sfhb-tingen-web-service\Working\Output\Website\css\bulma.min.css
C:\Program Files (x86)\EWSoftware\Sandcastle Help File Builder\Components\Default2022\css\font-awesome.css -&gt; C:\Users\Chris.Banwarth\DevEnv\GitHub\spectrum-health-systems\tingen-documentation\docs\api\sfhb-tingen-web-service\Working\Output\Website\css\font-awesome.css
C:\Program Files (x86)\EWSoftware\Sandcastle Help File Builder\Components\Default2022\css\font-awesome.min.css -&gt; C:\Users\Chris.Banwarth\DevEnv\GitHub\spectrum-health-systems\tingen-documentation\docs\api\sfhb-tingen-web-service\Working\Output\Website\css\font-awesome.min.css
C:\Program Files (x86)\EWSoftware\Sandcastle Help File Builder\Components\Default2022\css\ja-JP.css -&gt; C:\Users\Chris.Banwarth\DevEnv\GitHub\spectrum-health-systems\tingen-documentation\docs\api\sfhb-tingen-web-service\Working\Output\Website\css\ja-JP.css
C:\Program Files (x86)\EWSoftware\Sandcastle Help File Builder\Components\Default2022\css\ko-KR.css -&gt; C:\Users\Chris.Banwarth\DevEnv\GitHub\spectrum-health-systems\tingen-documentation\docs\api\sfhb-tingen-web-service\Working\Output\Website\css\ko-KR.css
C:\Program Files (x86)\EWSoftware\Sandcastle Help File Builder\Components\Default2022\css\presentationStyle.css -&gt; C:\Users\Chris.Banwarth\DevEnv\GitHub\spectrum-health-systems\tingen-documentation\docs\api\sfhb-tingen-web-service\Working\Output\Website\css\presentationStyle.css
C:\Program Files (x86)\EWSoftware\Sandcastle Help File Builder\Components\Default2022\css\vs.min.css -&gt; C:\Users\Chris.Banwarth\DevEnv\GitHub\spectrum-health-systems\tingen-documentation\docs\api\sfhb-tingen-web-service\Working\Output\Website\css\vs.min.css
C:\Program Files (x86)\EWSoftware\Sandcastle Help File Builder\Components\Default2022\css\zh-CN.css -&gt; C:\Users\Chris.Banwarth\DevEnv\GitHub\spectrum-health-systems\tingen-documentation\docs\api\sfhb-tingen-web-service\Working\Output\Website\css\zh-CN.css
C:\Program Files (x86)\EWSoftware\Sandcastle Help File Builder\Components\Default2022\css\zh-TW.css -&gt; C:\Users\Chris.Banwarth\DevEnv\GitHub\spectrum-health-systems\tingen-documentation\docs\api\sfhb-tingen-web-service\Working\Output\Website\css\zh-TW.css
C:\Program Files (x86)\EWSoftware\Sandcastle Help File Builder\Components\Default2022\icons\favicon.ico -&gt; C:\Users\Chris.Banwarth\DevEnv\GitHub\spectrum-health-systems\tingen-documentation\docs\api\sfhb-tingen-web-service\Working\Output\Website\icons\favicon.ico
C:\Program Files (x86)\EWSoftware\Sandcastle Help File Builder\Components\Default2022\scripts\clipboard.min.js -&gt; C:\Users\Chris.Banwarth\DevEnv\GitHub\spectrum-health-systems\tingen-documentation\docs\api\sfhb-tingen-web-service\Working\Output\Website\scripts\clipboard.min.js
C:\Program Files (x86)\EWSoftware\Sandcastle Help File Builder\Components\Default2022\scripts\highlight.min.js -&gt; C:\Users\Chris.Banwarth\DevEnv\GitHub\spectrum-health-systems\tingen-documentation\docs\api\sfhb-tingen-web-service\Working\Output\Website\scripts\highlight.min.js
C:\Program Files (x86)\EWSoftware\Sandcastle Help File Builder\Components\Default2022\scripts\jquery-3.5.1.min.js -&gt; C:\Users\Chris.Banwarth\DevEnv\GitHub\spectrum-health-systems\tingen-documentation\docs\api\sfhb-tingen-web-service\Working\Output\Website\scripts\jquery-3.5.1.min.js
C:\Program Files (x86)\EWSoftware\Sandcastle Help File Builder\Components\Default2022\scripts\presentationStyle.js -&gt; C:\Users\Chris.Banwarth\DevEnv\GitHub\spectrum-health-systems\tingen-documentation\docs\api\sfhb-tingen-web-service\Working\Output\Website\scripts\presentationStyle.js
C:\Program Files (x86)\EWSoftware\Sandcastle Help File Builder\Components\Default2022\webfonts\fa-brands-400.ttf -&gt; C:\Users\Chris.Banwarth\DevEnv\GitHub\spectrum-health-systems\tingen-documentation\docs\api\sfhb-tingen-web-service\Working\Output\Website\webfonts\fa-brands-400.ttf
C:\Program Files (x86)\EWSoftware\Sandcastle Help File Builder\Components\Default2022\webfonts\fa-brands-400.woff2 -&gt; C:\Users\Chris.Banwarth\DevEnv\GitHub\spectrum-health-systems\tingen-documentation\docs\api\sfhb-tingen-web-service\Working\Output\Website\webfonts\fa-brands-400.woff2
C:\Program Files (x86)\EWSoftware\Sandcastle Help File Builder\Components\Default2022\webfonts\fa-regular-400.ttf -&gt; C:\Users\Chris.Banwarth\DevEnv\GitHub\spectrum-health-systems\tingen-documentation\docs\api\sfhb-tingen-web-service\Working\Output\Website\webfonts\fa-regular-400.ttf
C:\Program Files (x86)\EWSoftware\Sandcastle Help File Builder\Components\Default2022\webfonts\fa-regular-400.woff2 -&gt; C:\Users\Chris.Banwarth\DevEnv\GitHub\spectrum-health-systems\tingen-documentation\docs\api\sfhb-tingen-web-service\Working\Output\Website\webfonts\fa-regular-400.woff2
C:\Program Files (x86)\EWSoftware\Sandcastle Help File Builder\Components\Default2022\webfonts\fa-solid-900.ttf -&gt; C:\Users\Chris.Banwarth\DevEnv\GitHub\spectrum-health-systems\tingen-documentation\docs\api\sfhb-tingen-web-service\Working\Output\Website\webfonts\fa-solid-900.ttf
C:\Program Files (x86)\EWSoftware\Sandcastle Help File Builder\Components\Default2022\webfonts\fa-solid-900.woff2 -&gt; C:\Users\Chris.Banwarth\DevEnv\GitHub\spectrum-health-systems\tingen-documentation\docs\api\sfhb-tingen-web-service\Working\Output\Website\webfonts\fa-solid-900.woff2
C:\Program Files (x86)\EWSoftware\Sandcastle Help File Builder\Components\Default2022\webfonts\fa-v4compatibility.ttf -&gt; C:\Users\Chris.Banwarth\DevEnv\GitHub\spectrum-health-systems\tingen-documentation\docs\api\sfhb-tingen-web-service\Working\Output\Website\webfonts\fa-v4compatibility.ttf
C:\Program Files (x86)\EWSoftware\Sandcastle Help File Builder\Components\Default2022\webfonts\fa-v4compatibility.woff2 -&gt; C:\Users\Chris.Banwarth\DevEnv\GitHub\spectrum-health-systems\tingen-documentation\docs\api\sfhb-tingen-web-service\Working\Output\Website\webfonts\fa-v4compatibility.woff2
C:\Program Files (x86)\EWSoftware\Sandcastle Help File Builder\Components\Default2022\RootWebsiteContent\GeneralError.html -&gt; C:\Users\Chris.Banwarth\DevEnv\GitHub\spectrum-health-systems\tingen-documentation\docs\api\sfhb-tingen-web-service\Working\Output\Website\GeneralError.html
C:\Program Files (x86)\EWSoftware\Sandcastle Help File Builder\Components\Default2022\RootWebsiteContent\index.html -&gt; C:\Users\Chris.Banwarth\DevEnv\GitHub\spectrum-health-systems\tingen-documentation\docs\api\sfhb-tingen-web-service\Working\Output\Website\index.html
C:\Program Files (x86)\EWSoftware\Sandcastle Help File Builder\Components\Default2022\RootWebsiteContent\PageNotFound.html -&gt; C:\Users\Chris.Banwarth\DevEnv\GitHub\spectrum-health-systems\tingen-documentation\docs\api\sfhb-tingen-web-service\Working\Output\Website\PageNotFound.html
C:\Program Files (x86)\EWSoftware\Sandcastle Help File Builder\Components\Default2022\RootWebsiteContent\search.html -&gt; C:\Users\Chris.Banwarth\DevEnv\GitHub\spectrum-health-systems\tingen-documentation\docs\api\sfhb-tingen-web-service\Working\Output\Website\search.html
C:\Program Files (x86)\EWSoftware\Sandcastle Help File Builder\Components\Default2022\RootWebsiteContent\SearchHelp.aspx -&gt; C:\Users\Chris.Banwarth\DevEnv\GitHub\spectrum-health-systems\tingen-documentation\docs\api\sfhb-tingen-web-service\Working\Output\Website\SearchHelp.aspx
C:\Program Files (x86)\EWSoftware\Sandcastle Help File Builder\Components\Default2022\RootWebsiteContent\SearchHelp.inc.php -&gt; C:\Users\Chris.Banwarth\DevEnv\GitHub\spectrum-health-systems\tingen-documentation\docs\api\sfhb-tingen-web-service\Working\Output\Website\SearchHelp.inc.php
C:\Program Files (x86)\EWSoftware\Sandcastle Help File Builder\Components\Default2022\RootWebsiteContent\SearchHelp.php -&gt; C:\Users\Chris.Banwarth\DevEnv\GitHub\spectrum-health-systems\tingen-documentation\docs\api\sfhb-tingen-web-service\Working\Output\Website\SearchHelp.php
C:\Program Files (x86)\EWSoftware\Sandcastle Help File Builder\Components\Default2022\RootWebsiteContent\Web.Config -&gt; C:\Users\Chris.Banwarth\DevEnv\GitHub\spectrum-health-systems\tingen-documentation\docs\api\sfhb-tingen-web-service\Working\Output\Website\Web.Config
    Last step completed in 00:00:00.1481
</buildStep>
<buildStep step="GenerateFullTextIndex">
Generating full-text index for the website...

    Last step completed in 00:00:00.0390
</buildStep>
<buildStep step="CopyingWebsiteFiles">
Copying website files to output folder...

Copied 76 files for the website content
    Last step completed in 00:00:00.1078
</buildStep>
<buildStep step="CleanIntermediates">
Removing intermediate files...
    Last step completed in 00:00:00.0260
</buildStep>
<buildStep step="Completed">

Build completed successfully at 5/29/2025 4:07:27 PM.  Total time: 00:00:05.1278

</buildStep>
</shfbBuild>
