<?xml version="1.0" encoding="utf-8"?>
<shfbBuild product="Sandcastle Help File Builder and Tools" version="2025.3.22.0" projectFile="C:\IT\CSB_Development\GitHub\Spectrum - Tingen\Tingen-WebService\.github\sandcastle\Tingen-WebService.shfbproj" started="4/18/2025 9:48:00 AM">
<buildStep step="Initializing">
The Sandcastle tools are located in &#39;C:\Program Files (x86)\EWSoftware\Sandcastle Help File Builder&#39;
Locating components in the following folder(s):
    C:\IT\CSB_Development\GitHub\Spectrum - Tingen\Tingen-WebService\.github\sandcastle
    C:\ProgramData\EWSoftware\Sandcastle Help File Builder\Components and Plug-Ins
    C:\Program Files (x86)\EWSoftware\Sandcastle Help File Builder\Components
Using framework reflection data for &#39;.NET Framework 4.8&#39; located in &#39;C:\Program Files (x86)\EWSoftware\Sandcastle Help File Builder\Data\.NETFramework&#39;
Using presentation style &#39;Default2022&#39; located in &#39;C:\Program Files (x86)\EWSoftware\Sandcastle Help File Builder\Components\Default2022&#39;
Loading and initializing plug-ins...
Website Table of Contents Generator Version 2025.3.22.0
Copyright &#169; 2006-2025, Eric Woodruff, All Rights Reserved
-------------------------------
Clearing any prior web/markdown output...
</buildStep>
<buildStep step="ValidatingDocumentationSources">
Validating and copying documentation source information
Source: C:\IT\CSB_Development\GitHub\Spectrum - Tingen\Tingen-WebService\src\TingenWebService.csproj
    Found project &#39;C:\IT\CSB_Development\GitHub\Spectrum - Tingen\Tingen-WebService\src\TingenWebService.csproj&#39;

Parsing project files
    Found assembly &#39;C:\IT\CSB_Development\GitHub\Spectrum - Tingen\Tingen-WebService\src\bin\TingenWebService.dll&#39; (.NETFramework 4.8)

References to include:
    Microsoft.CodeDom.Providers.DotNetCompilerPlatform, Version=4.1.0.0, Culture=neutral, PublicKeyToken=31bf3856ad364e35, processorArchitecture=MSIL

Copying XML comments files
SHFB: Warning BE0063: &#39;C:\IT\CSB_Development\GitHub\Spectrum - Tingen\Tingen-WebService\src\bin\Generated.xml&#39; matches a previously copied comments filename.  The duplicate will be copied to a unique name to preserve the comments it contains.
    C:\IT\CSB_Development\GitHub\Spectrum - Tingen\Tingen-WebService\src\bin\Generated.xml -&gt; C:\Caches\Sandcastle\{507fa531-dd2e-41f8-bedf-1ed319bfc0ef}
</buildStep>
<buildStep step="GenerateSharedContent">
Generating shared content files (en-US, English (United States))...
    Last step completed in 00:00:00.0083
</buildStep>
<buildStep step="Failed">

SHFB: Error BE0065: BUILD FAILED: The file &#39;C:\Caches\Sandcastle\StopWordList.txt&#39; already exists.
   at System.IO.__Error.WinIOError(Int32 errorCode, String maybeFullPath)
   at System.IO.File.InternalCopy(String sourceFileName, String destFileName, Boolean overwrite, Boolean checkHost)
   at SandcastleBuilder.Utils.BuildEngine.BuildProcess.Build()

</buildStep>
</shfbBuild>
